

================================================================
== Vivado HLS Report for 'atsc_deinterleaver_impl'
================================================================
* Date:           Sun Jun 25 00:32:29 2017

* Version:        2015.4 (Build 1412921 on Wed Nov 18 09:58:55 AM 2015)
* Project:        atsc_deinterleaver
* Solution:       solution1
* Product family: kintex7
* Target device:  xc7k410tffg900-2


================================================================
== Performance Estimates
================================================================
+ Timing (ns): 
    * Summary: 
    +--------+-------+----------+------------+
    |  Clock | Target| Estimated| Uncertainty|
    +--------+-------+----------+------------+
    |ap_clk  |   4.67|      3.81|        0.58|
    +--------+-------+----------+------------+

+ Latency (clock cycles): 
    * Summary: 
    +------+------+------+------+---------+
    |   Latency   |   Interval  | Pipeline|
    |  min |  max |  min |  max |   Type  |
    +------+------+------+------+---------+
    |  1282|  1903|  1283|  1904|   none  |
    +------+------+------+------+---------+

    + Detail: 
        * Instance: 
        +-----------------------------------------+------------------------------+------+------+------+------+---------+
        |                                         |                              |   Latency   |   Interval  | Pipeline|
        |                 Instance                |            Module            |  min |  max |  min |  max |   Type  |
        +-----------------------------------------+------------------------------+------+------+------+------+---------+
        |grp_atsc_deinterleaver_impl_work_fu_371  |atsc_deinterleaver_impl_work  |  1036|  1657|  1036|  1657|   none  |
        +-----------------------------------------+------------------------------+------+------+------+------+---------+

        * Loop: 
        +----------+-----+-----+----------+-----------+-----------+------+----------+
        |          |  Latency  | Iteration|  Initiation Interval  | Trip |          |
        | Loop Name| min | max |  Latency |  achieved |   target  | Count| Pipelined|
        +----------+-----+-----+----------+-----------+-----------+------+----------+
        |- Loop 1  |  103|  103|         4|          2|          1|    51|    yes   |
        |- Loop 2  |   11|   11|         1|          1|          1|    11|    yes   |
        |- Loop 3  |  103|  103|         4|          2|          1|    51|    yes   |
        |- Loop 4  |   11|   11|         3|          1|          1|    10|    yes   |
        +----------+-----+-----+----------+-----------+-----------+------+----------+



================================================================
== Utilization Estimates
================================================================
* Summary: 
+-----------------+---------+-------+--------+--------+
|       Name      | BRAM_18K| DSP48E|   FF   |   LUT  |
+-----------------+---------+-------+--------+--------+
|DSP              |        -|      -|       -|       -|
|Expression       |        -|      -|       0|     293|
|FIFO             |        -|      -|       -|       -|
|Instance         |       10|      1|     325|     345|
|Memory           |        2|      -|       0|       0|
|Multiplexer      |        -|      -|       -|     185|
|Register         |        -|      -|     350|       -|
+-----------------+---------+-------+--------+--------+
|Total            |       12|      1|     675|     823|
+-----------------+---------+-------+--------+--------+
|Available        |     1590|   1540|  508400|  254200|
+-----------------+---------+-------+--------+--------+
|Utilization (%)  |    ~0   |   ~0  |   ~0   |   ~0   |
+-----------------+---------+-------+--------+--------+

+ Detail: 
    * Instance: 
    +-----------------------------------------+------------------------------+---------+-------+-----+-----+
    |                 Instance                |            Module            | BRAM_18K| DSP48E|  FF | LUT |
    +-----------------------------------------+------------------------------+---------+-------+-----+-----+
    |grp_atsc_deinterleaver_impl_work_fu_371  |atsc_deinterleaver_impl_work  |       10|      1|  325|  345|
    +-----------------------------------------+------------------------------+---------+-------+-----+-----+
    |Total                                    |                              |       10|      1|  325|  345|
    +-----------------------------------------+------------------------------+---------+-------+-----+-----+

    * DSP48: 
    N/A

    * Memory: 
    +-------------+-----------------------------------+---------+---+----+------+-----+------+-------------+
    |    Memory   |               Module              | BRAM_18K| FF| LUT| Words| Bits| Banks| W*Bits*Banks|
    +-------------+-----------------------------------+---------+---+----+------+-----+------+-------------+
    |in1_data_U   |atsc_deinterleaver_impl_in1_data   |        1|  0|   0|   207|    8|     1|         1656|
    |out1_data_U  |atsc_deinterleaver_impl_out1_data  |        1|  0|   0|   207|    8|     1|         1656|
    +-------------+-----------------------------------+---------+---+----+------+-----+------+-------------+
    |Total        |                                   |        2|  0|   0|   414|   16|     2|         3312|
    +-------------+-----------------------------------+---------+---+----+------+-----+------+-------------+

    * FIFO: 
    N/A

    * Expression: 
    +----------------------------+----------+-------+---+----+------------+------------+
    |        Variable Name       | Operation| DSP48E| FF| LUT| Bitwidth P0| Bitwidth P1|
    +----------------------------+----------+-------+---+----+------------+------------+
    |count_1_fu_779_p2           |     +    |      0|  0|   5|           5|           1|
    |i_1_fu_458_p2               |     +    |      0|  0|   6|           1|           6|
    |i_2_fu_530_p2               |     +    |      0|  0|   7|           7|           1|
    |i_3_fu_690_p2               |     +    |      0|  0|   6|           6|           1|
    |out1_pli_segno_1_fu_628_p2  |     +    |      0|  0|  16|          10|          16|
    |s_1_fu_543_p2               |     +    |      0|  0|  17|           9|          17|
    |s_2_fu_558_p2               |     +    |      0|  0|  18|           7|          18|
    |s_3_fu_576_p2               |     +    |      0|  0|  17|          10|          17|
    |tmp_10_fu_499_p2            |     +    |      0|  0|   8|           3|           8|
    |tmp_13_fu_509_p2            |     +    |      0|  0|   8|           2|           8|
    |tmp_2_fu_479_p2             |     +    |      0|  0|   8|           3|           8|
    |tmp_37_fu_720_p2            |     +    |      0|  0|   6|           6|           1|
    |tmp_5_fu_469_p2             |     +    |      0|  0|   8|           4|           8|
    |p_1_cast_cast_fu_621_p3     |  Select  |      0|  0|   4|           1|           4|
    |p_2_cast_cast_fu_633_p3     |  Select  |      0|  0|   4|           1|           4|
    |p_s_fu_548_p3               |  Select  |      0|  0|  17|           1|          17|
    |s_fu_581_p3                 |  Select  |      0|  0|  17|           1|          17|
    |tmp_20_fu_640_p3            |  Select  |      0|  0|   6|           1|           6|
    |tmp_21_fu_647_p3            |  Select  |      0|  0|   6|           1|           6|
    |tmp_22_fu_660_p3            |  Select  |      0|  0|   6|           1|           6|
    |tmp_23_fu_667_p3            |  Select  |      0|  0|  16|           1|          16|
    |ap_sig_bdd_180              |    and   |      0|  0|   1|           1|           1|
    |ap_sig_bdd_285              |    and   |      0|  0|   1|           1|           1|
    |in_data_0_vld_out           |    and   |      0|  0|   1|           1|           1|
    |out_data_1_ack_in           |    and   |      0|  0|   1|           1|           1|
    |out_last_V_1_sRdy           |    and   |      0|  0|   1|           1|           1|
    |exitcond1_fu_444_p2         |   icmp   |      0|  0|   3|           6|           5|
    |exitcond2_fu_524_p2         |   icmp   |      0|  0|   3|           7|           8|
    |exitcond3_fu_684_p2         |   icmp   |      0|  0|   3|           6|           5|
    |exitcond_fu_773_p2          |   icmp   |      0|  0|   2|           5|           3|
    |tmp_15_fu_593_p2            |   icmp   |      0|  0|   6|          17|           9|
    |tmp_16_fu_599_p2            |   icmp   |      0|  0|   6|          17|           1|
    |tmp_17_fu_605_p2            |   icmp   |      0|  0|   6|          17|           9|
    |tmp_19_fu_611_p2            |   icmp   |      0|  0|   6|          17|          10|
    |ap_sig_bdd_657              |    or    |      0|  0|   1|           1|           1|
    |in_data_0_in_rdy            |    or    |      0|  0|   1|           1|           1|
    |in_last_V_0_in_rdy          |    or    |      0|  0|   1|           1|           1|
    |out1_pli_flags_fu_654_p2    |    or    |      0|  0|   8|           6|           5|
    |tmp_31_fu_709_p2            |    or    |      0|  0|  12|           8|           1|
    |tmp_33_fu_726_p2            |    or    |      0|  0|  12|           8|           2|
    |tmp_35_fu_736_p2            |    or    |      0|  0|  12|           8|           2|
    +----------------------------+----------+-------+---+----+------------+------------+
    |Total                       |          |      0|  0| 293|         211|         254|
    +----------------------------+----------+-------+---+----+------------+------------+

    * Multiplexer: 
    +--------------------------------+----+-----------+-----+-----------+
    |              Name              | LUT| Input Size| Bits| Total Bits|
    +--------------------------------+----+-----------+-----+-----------+
    |ap_NS_fsm                       |  18|         22|    1|         22|
    |ap_reg_ppiten_pp3_it2           |   1|          2|    1|          2|
    |count_1_in_reg_360              |   5|          2|    5|         10|
    |count_phi_fu_342_p4             |   6|          2|    6|         12|
    |count_reg_338                   |   6|          2|    6|         12|
    |i1_reg_327                      |   7|          2|    7|         14|
    |i2_phi_fu_353_p4                |   6|          2|    6|         12|
    |i2_reg_349                      |   6|          2|    6|         12|
    |i_phi_fu_319_p4                 |   6|          2|    6|         12|
    |i_reg_315                       |   6|          2|    6|         12|
    |in1_data_address0               |   8|          6|    8|         48|
    |in1_data_address1               |   8|          4|    8|         32|
    |in1_data_ce0                    |   1|          3|    1|          3|
    |in1_data_d0                     |   8|          4|    8|         32|
    |in1_data_d1                     |   8|          3|    8|         24|
    |in_data_0_data_out              |  32|          2|   32|         64|
    |in_data_0_has_vld_data_reg_i    |   1|          3|    1|          3|
    |in_last_V_0_has_vld_data_reg_i  |   1|          3|    1|          3|
    |out1_data_address0              |   8|          6|    8|         48|
    |out1_data_address1              |   8|          4|    8|         32|
    |out1_data_ce0                   |   1|          3|    1|          3|
    |out1_data_we0                   |   1|          2|    1|          2|
    |out_data_1_data_in              |  32|          5|   32|        160|
    |out_last_V_1_data_in            |   1|          3|    1|          3|
    +--------------------------------+----+-----------+-----+-----------+
    |Total                           | 185|         91|  168|        577|
    +--------------------------------+----+-----------+-----+-----------+

    * Register: 
    +---------------------------------------------------------------+----+----+-----+-----------+
    |                              Name                             | FF | LUT| Bits| Const Bits|
    +---------------------------------------------------------------+----+----+-----+-----------+
    |ap_CS_fsm                                                      |  21|   0|   21|          0|
    |ap_reg_ppiten_pp0_it0                                          |   1|   0|    1|          0|
    |ap_reg_ppiten_pp0_it1                                          |   1|   0|    1|          0|
    |ap_reg_ppiten_pp2_it0                                          |   1|   0|    1|          0|
    |ap_reg_ppiten_pp2_it1                                          |   1|   0|    1|          0|
    |ap_reg_ppiten_pp3_it0                                          |   1|   0|    1|          0|
    |ap_reg_ppiten_pp3_it1                                          |   1|   0|    1|          0|
    |ap_reg_ppiten_pp3_it2                                          |   1|   0|    1|          0|
    |ap_reg_ppstg_exitcond1_reg_801_pp0_it1                         |   1|   0|    1|          0|
    |ap_reg_ppstg_exitcond3_reg_874_pp2_it1                         |   1|   0|    1|          0|
    |ap_reg_ppstg_exitcond_reg_944_pp3_it1                          |   1|   0|    1|          0|
    |count_1_in_reg_360                                             |   5|   0|    5|          0|
    |count_reg_338                                                  |   6|   0|    6|          0|
    |exitcond1_reg_801                                              |   1|   0|    1|          0|
    |exitcond3_reg_874                                              |   1|   0|    1|          0|
    |exitcond_reg_944                                               |   1|   0|    1|          0|
    |grp_atsc_deinterleaver_impl_work_fu_371_ap_start_ap_start_reg  |   1|   0|    1|          0|
    |i1_reg_327                                                     |   7|   0|    7|          0|
    |i2_reg_349                                                     |   6|   0|    6|          0|
    |i_1_reg_813                                                    |   6|   0|    6|          0|
    |i_3_reg_878                                                    |   6|   0|    6|          0|
    |i_reg_315                                                      |   6|   0|    6|          0|
    |in1_pli_flags_reg_790                                          |  16|   0|   16|          0|
    |in1_pli_segno_cast_reg_795                                     |  16|   0|   17|          1|
    |in_data_0_areset_d                                             |   1|   0|    1|          0|
    |in_data_0_data_reg                                             |  32|   0|   32|          0|
    |in_data_0_has_vld_data_reg                                     |   1|   0|    1|          0|
    |in_data_0_in_rdy                                               |   1|   0|    1|          0|
    |in_last_V_0_has_vld_data_reg                                   |   1|   0|    1|          0|
    |in_last_V_0_in_rdy                                             |   1|   0|    1|          0|
    |out1_data_load_4_reg_904                                       |   8|   0|    8|          0|
    |out_data_1_areset_d                                            |   1|   0|    1|          0|
    |out_data_1_data_reg                                            |  32|   0|   32|          0|
    |out_data_1_mVld                                                |   1|   0|    1|          0|
    |out_last_V_1_areset_d                                          |   1|   0|    1|          0|
    |out_last_V_1_data_reg                                          |   1|   0|    1|          0|
    |out_last_V_1_mVld                                              |   1|   0|    1|          0|
    |p_s_reg_831                                                    |  17|   0|   17|          0|
    |reg_388_0                                                      |  32|   0|   32|          0|
    |reg_392                                                        |   8|   0|    8|          0|
    |reg_421                                                        |   8|   0|    8|          0|
    |temp_reg_785                                                   |  32|   0|   32|          0|
    |tmp_12_reg_818                                                 |   8|   0|    8|          0|
    |tmp_15_reg_842                                                 |   1|   0|    1|          0|
    |tmp_16_reg_848                                                 |   1|   0|    1|          0|
    |tmp_17_reg_853                                                 |   1|   0|    1|          0|
    |tmp_19_reg_859                                                 |   1|   0|    1|          0|
    |tmp_29_reg_883                                                 |   6|   0|    8|          2|
    |tmp_37_reg_899                                                 |   6|   0|    6|          0|
    |tmp_44_reg_837                                                 |  16|   0|   16|          0|
    |tmp_45_reg_864                                                 |  16|   0|   16|          0|
    |tmp_4_reg_805                                                  |   6|   0|    8|          2|
    +---------------------------------------------------------------+----+----+-----+-----------+
    |Total                                                          | 350|   0|  355|          5|
    +---------------------------------------------------------------+----+----+-----+-----------+



================================================================
== Interface
================================================================
* Summary: 
+------------+-----+-----+--------------+-------------------------+--------------+
|  RTL Ports | Dir | Bits|   Protocol   |      Source Object      |    C Type    |
+------------+-----+-----+--------------+-------------------------+--------------+
|ap_clk      |  in |    1| ap_ctrl_none | atsc_deinterleaver_impl | return value |
|ap_rst_n    |  in |    1| ap_ctrl_none | atsc_deinterleaver_impl | return value |
|in_TDATA    |  in |   32|     axis     |         in_data         |    pointer   |
|in_TVALID   |  in |    1|     axis     |        in_last_V        |    pointer   |
|in_TREADY   | out |    1|     axis     |        in_last_V        |    pointer   |
|in_TLAST    |  in |    1|     axis     |        in_last_V        |    pointer   |
|out_TDATA   | out |   32|     axis     |         out_data        |    pointer   |
|out_TVALID  | out |    1|     axis     |        out_last_V       |    pointer   |
|out_TREADY  |  in |    1|     axis     |        out_last_V       |    pointer   |
|out_TLAST   | out |    1|     axis     |        out_last_V       |    pointer   |
+------------+-----+-----+--------------+-------------------------+--------------+

