This is pdfTeX, Version 3.14159265-2.6-1.40.18 (MiKTeX 2.9.6350 64-bit) (preloaded format=pdflatex 2017.6.21)  4 JUL 2017 16:41
entering extended mode
**./rabbit_ears.tex
(rabbit_ears.tex
LaTeX2e <2017-04-15>
Babel <3.10> and hyphenation patterns for 76 language(s) loaded.
("C:\Program Files\MiKTeX 2.9\tex\latex\base\article.cls"
Document Class: article 2014/09/29 v1.4h Standard LaTeX document class
("C:\Program Files\MiKTeX 2.9\tex\latex\base\size10.clo"
File: size10.clo 2014/09/29 v1.4h Standard LaTeX file (size option)
)
\c@part=\count79
\c@section=\count80
\c@subsection=\count81
\c@subsubsection=\count82
\c@paragraph=\count83
\c@subparagraph=\count84
\c@figure=\count85
\c@table=\count86
\abovecaptionskip=\skip41
\belowcaptionskip=\skip42
\bibindent=\dimen102
)
("C:\Program Files\MiKTeX 2.9\tex\latex\psnfss\times.sty"
Package: times 2005/04/12 PSNFSS-v9.2a (SPQR) 
)
("C:\Program Files\MiKTeX 2.9\tex\latex\graphics\graphicx.sty"
Package: graphicx 2017/06/01 v1.1a Enhanced LaTeX Graphics (DPC,SPQR)

("C:\Program Files\MiKTeX 2.9\tex\latex\graphics\keyval.sty"
Package: keyval 2014/10/28 v1.15 key=value parser (DPC)
\KV@toks@=\toks14
)
("C:\Program Files\MiKTeX 2.9\tex\latex\graphics\graphics.sty"
Package: graphics 2017/06/13 v1.2b Standard LaTeX Graphics (DPC,SPQR)

("C:\Program Files\MiKTeX 2.9\tex\latex\graphics\trig.sty"
Package: trig 2016/01/03 v1.10 sin cos tan (DPC)
)
("C:\Program Files\MiKTeX 2.9\tex\latex\graphics-cfg\graphics.cfg"
File: graphics.cfg 2016/06/04 v1.11 sample graphics configuration
)
Package graphics Info: Driver file: pdftex.def on input line 99.

("C:\Program Files\MiKTeX 2.9\tex\latex\graphics-def\pdftex.def"
File: pdftex.def 2017/06/17 v1.0e Graphics/color driver for pdftex
))
\Gin@req@height=\dimen103
\Gin@req@width=\dimen104
)
("C:\Program Files\MiKTeX 2.9\tex\latex\subfigure\subfigure.sty"
Package: subfigure 2002/07/30 v2.1.4 subfigure package
\subfigtopskip=\skip43
\subfigcapskip=\skip44
\subfigcaptopadj=\dimen105
\subfigbottomskip=\skip45
\subfigcapmargin=\dimen106
\subfiglabelskip=\skip46
\c@subfigure=\count87
\c@lofdepth=\count88
\c@subtable=\count89
\c@lotdepth=\count90

****************************************
* Local config file subfigure.cfg used *
****************************************
("C:\Program Files\MiKTeX 2.9\tex\latex\subfigure\subfigure.cfg")
\subfig@top=\skip47
\subfig@bottom=\skip48
) (natbib.sty
Package: natbib 2009/07/16 8.31 (PWD, AO)
\bibhang=\skip49
\bibsep=\skip50
LaTeX Info: Redefining \cite on input line 694.
\c@NAT@ctr=\count91
) ("C:\Program Files\MiKTeX 2.9\tex\latex\hyperref\hyperref.sty"
Package: hyperref 2017/03/14 v6.85a Hypertext links for LaTeX

("C:\Program Files\MiKTeX 2.9\tex\generic\oberdiek\hobsub-hyperref.sty"
Package: hobsub-hyperref 2016/05/16 v1.14 Bundle oberdiek, subset hyperref (HO)


("C:\Program Files\MiKTeX 2.9\tex\generic\oberdiek\hobsub-generic.sty"
Package: hobsub-generic 2016/05/16 v1.14 Bundle oberdiek, subset generic (HO)
Package: hobsub 2016/05/16 v1.14 Construct package bundles (HO)
Package: infwarerr 2016/05/16 v1.4 Providing info/warning/error messages (HO)
Package: ltxcmds 2016/05/16 v1.23 LaTeX kernel commands for general use (HO)
Package: ifluatex 2016/05/16 v1.4 Provides the ifluatex switch (HO)
Package ifluatex Info: LuaTeX not detected.
Package: ifvtex 2016/05/16 v1.6 Detect VTeX and its facilities (HO)
Package ifvtex Info: VTeX not detected.
Package: intcalc 2016/05/16 v1.2 Expandable calculations with integers (HO)
Package: ifpdf 2017/03/15 v3.2 Provides the ifpdf switch
Package: etexcmds 2016/05/16 v1.6 Avoid name clashes with e-TeX commands (HO)
Package etexcmds Info: Could not find \expanded.
(etexcmds)             That can mean that you are not using pdfTeX 1.50 or
(etexcmds)             that some package has redefined \expanded.
(etexcmds)             In the latter case, load this package earlier.
Package: kvsetkeys 2016/05/16 v1.17 Key value parser (HO)
Package: kvdefinekeys 2016/05/16 v1.4 Define keys (HO)
Package: pdftexcmds 2017/03/19 v0.25 Utility functions of pdfTeX for LuaTeX (HO
)
Package pdftexcmds Info: LuaTeX not detected.
Package pdftexcmds Info: \pdf@primitive is available.
Package pdftexcmds Info: \pdf@ifprimitive is available.
Package pdftexcmds Info: \pdfdraftmode found.
Package: pdfescape 2016/05/16 v1.14 Implements pdfTeX's escape features (HO)
Package: bigintcalc 2016/05/16 v1.4 Expandable calculations on big integers (HO
)
Package: bitset 2016/05/16 v1.2 Handle bit-vector datatype (HO)
Package: uniquecounter 2016/05/16 v1.3 Provide unlimited unique counter (HO)
)
Package hobsub Info: Skipping package `hobsub' (already loaded).
Package: letltxmacro 2016/05/16 v1.5 Let assignment for LaTeX macros (HO)
Package: hopatch 2016/05/16 v1.3 Wrapper for package hooks (HO)
Package: xcolor-patch 2016/05/16 xcolor patch
Package: atveryend 2016/05/16 v1.9 Hooks at the very end of document (HO)
Package atveryend Info: \enddocument detected (standard20110627).
Package: atbegshi 2016/06/09 v1.18 At begin shipout hook (HO)
Package: refcount 2016/05/16 v3.5 Data extraction from label references (HO)
Package: hycolor 2016/05/16 v1.8 Color options for hyperref/bookmark (HO)
)
("C:\Program Files\MiKTeX 2.9\tex\generic\ifxetex\ifxetex.sty"
Package: ifxetex 2010/09/12 v0.6 Provides ifxetex conditional
)
("C:\Program Files\MiKTeX 2.9\tex\latex\oberdiek\auxhook.sty"
Package: auxhook 2016/05/16 v1.4 Hooks for auxiliary files (HO)
)
("C:\Program Files\MiKTeX 2.9\tex\latex\oberdiek\kvoptions.sty"
Package: kvoptions 2016/05/16 v3.12 Key value format for package options (HO)
)
\@linkdim=\dimen107
\Hy@linkcounter=\count92
\Hy@pagecounter=\count93

("C:\Program Files\MiKTeX 2.9\tex\latex\hyperref\pd1enc.def"
File: pd1enc.def 2017/03/14 v6.85a Hyperref: PDFDocEncoding definition (HO)
)
\Hy@SavedSpaceFactor=\count94

("C:\Program Files\MiKTeX 2.9\tex\latex\00miktex\hyperref.cfg"
File: hyperref.cfg 2002/06/06 v1.2 hyperref configuration of TeXLive
)
Package hyperref Info: Hyper figures OFF on input line 4498.
Package hyperref Info: Link nesting OFF on input line 4503.
Package hyperref Info: Hyper index ON on input line 4506.
Package hyperref Info: Plain pages OFF on input line 4513.
Package hyperref Info: Backreferencing OFF on input line 4518.
Package hyperref Info: Implicit mode ON; LaTeX internals redefined.
Package hyperref Info: Bookmarks ON on input line 4751.
\c@Hy@tempcnt=\count95

("C:\Program Files\MiKTeX 2.9\tex\latex\url\url.sty"
\Urlmuskip=\muskip10
Package: url 2013/09/16  ver 3.4  Verb mode for urls, etc.
)
LaTeX Info: Redefining \url on input line 5104.
\XeTeXLinkMargin=\dimen108
\Fld@menulength=\count96
\Field@Width=\dimen109
\Fld@charsize=\dimen110
Package hyperref Info: Hyper figures OFF on input line 6358.
Package hyperref Info: Link nesting OFF on input line 6363.
Package hyperref Info: Hyper index ON on input line 6366.
Package hyperref Info: backreferencing OFF on input line 6373.
Package hyperref Info: Link coloring OFF on input line 6378.
Package hyperref Info: Link coloring with OCG OFF on input line 6383.
Package hyperref Info: PDF/A mode OFF on input line 6388.
LaTeX Info: Redefining \ref on input line 6428.
LaTeX Info: Redefining \pageref on input line 6432.
\Hy@abspage=\count97
\c@Item=\count98
\c@Hfootnote=\count99
)

Package hyperref Message: Driver (autodetected): hpdftex.

("C:\Program Files\MiKTeX 2.9\tex\latex\hyperref\hpdftex.def"
File: hpdftex.def 2017/03/14 v6.85a Hyperref driver for pdfTeX
\Fld@listcount=\count100
\c@bookmark@seq@number=\count101

("C:\Program Files\MiKTeX 2.9\tex\latex\oberdiek\rerunfilecheck.sty"
Package: rerunfilecheck 2016/05/16 v1.8 Rerun checks for auxiliary files (HO)
Package uniquecounter Info: New unique counter `rerunfilecheck' on input line 2
82.
)
\Hy@SectionHShift=\skip51
)
("C:\Program Files\MiKTeX 2.9\tex\latex\mathtools\mathtools.sty"
Package: mathtools 2017/05/24 v1.19 mathematical typesetting tools

("C:\Program Files\MiKTeX 2.9\tex\latex\tools\calc.sty"
Package: calc 2014/10/28 v4.3 Infix arithmetic (KKT,FJ)
\calc@Acount=\count102
\calc@Bcount=\count103
\calc@Adimen=\dimen111
\calc@Bdimen=\dimen112
\calc@Askip=\skip52
\calc@Bskip=\skip53
LaTeX Info: Redefining \setlength on input line 80.
LaTeX Info: Redefining \addtolength on input line 81.
\calc@Ccount=\count104
\calc@Cskip=\skip54
)
("C:\Program Files\MiKTeX 2.9\tex\latex\mathtools\mhsetup.sty"
Package: mhsetup 2017/03/31 v1.3 programming setup (MH)
)
("C:\Program Files\MiKTeX 2.9\tex\latex\amsmath\amsmath.sty"
Package: amsmath 2016/11/05 v2.16a AMS math features
\@mathmargin=\skip55

For additional information on amsmath, use the `?' option.
("C:\Program Files\MiKTeX 2.9\tex\latex\amsmath\amstext.sty"
Package: amstext 2000/06/29 v2.01 AMS text

("C:\Program Files\MiKTeX 2.9\tex\latex\amsmath\amsgen.sty"
File: amsgen.sty 1999/11/30 v2.0 generic functions
\@emptytoks=\toks15
\ex@=\dimen113
))
("C:\Program Files\MiKTeX 2.9\tex\latex\amsmath\amsbsy.sty"
Package: amsbsy 1999/11/29 v1.2d Bold Symbols
\pmbraise@=\dimen114
)
("C:\Program Files\MiKTeX 2.9\tex\latex\amsmath\amsopn.sty"
Package: amsopn 2016/03/08 v2.02 operator names
)
\inf@bad=\count105
LaTeX Info: Redefining \frac on input line 213.
\uproot@=\count106
\leftroot@=\count107
LaTeX Info: Redefining \overline on input line 375.
\classnum@=\count108
\DOTSCASE@=\count109
LaTeX Info: Redefining \ldots on input line 472.
LaTeX Info: Redefining \dots on input line 475.
LaTeX Info: Redefining \cdots on input line 596.
\Mathstrutbox@=\box26
\strutbox@=\box27
\big@size=\dimen115
LaTeX Font Info:    Redeclaring font encoding OML on input line 712.
LaTeX Font Info:    Redeclaring font encoding OMS on input line 713.
\macc@depth=\count110
\c@MaxMatrixCols=\count111
\dotsspace@=\muskip11
\c@parentequation=\count112
\dspbrk@lvl=\count113
\tag@help=\toks16
\row@=\count114
\column@=\count115
\maxfields@=\count116
\andhelp@=\toks17
\eqnshift@=\dimen116
\alignsep@=\dimen117
\tagshift@=\dimen118
\tagwidth@=\dimen119
\totwidth@=\dimen120
\lineht@=\dimen121
\@envbody=\toks18
\multlinegap=\skip56
\multlinetaggap=\skip57
\mathdisplay@stack=\toks19
LaTeX Info: Redefining \[ on input line 2817.
LaTeX Info: Redefining \] on input line 2818.
)
LaTeX Info: Thecontrolsequence`\('isalreadyrobust on input line 129.
LaTeX Info: Thecontrolsequence`\)'isalreadyrobust on input line 129.
LaTeX Info: Thecontrolsequence`\['isalreadyrobust on input line 129.
LaTeX Info: Thecontrolsequence`\]'isalreadyrobust on input line 129.
\g_MT_multlinerow_int=\count117
\l_MT_multwidth_dim=\dimen122
\origjot=\skip58
\l_MT_shortvdotswithinadjustabove_dim=\dimen123
\l_MT_shortvdotswithinadjustbelow_dim=\dimen124
\l_MT_above_intertext_sep=\dimen125
\l_MT_below_intertext_sep=\dimen126
\l_MT_above_shortintertext_sep=\dimen127
\l_MT_below_shortintertext_sep=\dimen128
) (grcon2016.sty
Package: grcon2016 2016/04/25 v1.0 GRCON Style File

(fancyhdr.sty
\fancy@headwidth=\skip59
\f@ncyO@elh=\skip60
\f@ncyO@erh=\skip61
\f@ncyO@olh=\skip62
\f@ncyO@orh=\skip63
\f@ncyO@elf=\skip64
\f@ncyO@erf=\skip65
\f@ncyO@olf=\skip66
\f@ncyO@orf=\skip67
) ("C:\Program Files\MiKTeX 2.9\tex\latex\graphics\color.sty"
Package: color 2016/07/10 v1.1e Standard LaTeX Color (DPC)

("C:\Program Files\MiKTeX 2.9\tex\latex\graphics-cfg\color.cfg"
File: color.cfg 2016/01/02 v1.6 sample color configuration
)
Package color Info: Driver file: pdftex.def on input line 147.
)
(algorithm.sty
Package: algorithm 

Document Style `algorithm' - floating environment
("C:\Program Files\MiKTeX 2.9\tex\latex\float\float.sty"
Package: float 2001/11/08 v1.3d Float enhancements (AL)
\c@float@type=\count118
\float@exts=\toks20
\float@box=\box28
\@float@everytoks=\toks21
\@floatcapt=\box29
)
("C:\Program Files\MiKTeX 2.9\tex\latex\base\ifthen.sty"
Package: ifthen 2014/09/29 v1.1c Standard LaTeX ifthen package (DPC)
)
\@float@every@algorithm=\toks22
\c@algorithm=\count119
) (algorithmic.sty
Package: algorithmic 

Document Style `algorithmic' - environment
\c@ALC@line=\count120
\c@ALC@rem=\count121
\ALC@tlm=\skip68
) ("C:\Program Files\MiKTeX 2.9\tex\latex\eso-pic\eso-pic.sty"
Package: eso-pic 2015/07/21 v2.0g eso-pic (RN)
)
Package hyperref Info: Option `colorlinks' set `true' on input line 98.
\titrun=\box30
\newcaptionbox=\box31
\newcaptionboxwid=\dimen129
\grconrulerbox=\box32
\grconrulercount=\count122
\grconruleroffset=\dimen130
\cv@lineheight=\dimen131
\cv@boxheight=\dimen132
\cv@tmpbox=\box33
\cv@refno=\count123
\cv@tot=\count124
\cv@tmpc@=\count125
\cv@tmpc=\count126
)
(rabbit_ears.aux)
\openout1 = `rabbit_ears.aux'.

LaTeX Font Info:    Checking defaults for OML/cmm/m/it on input line 22.
LaTeX Font Info:    ... okay on input line 22.
LaTeX Font Info:    Checking defaults for T1/cmr/m/n on input line 22.
LaTeX Font Info:    ... okay on input line 22.
LaTeX Font Info:    Checking defaults for OT1/cmr/m/n on input line 22.
LaTeX Font Info:    ... okay on input line 22.
LaTeX Font Info:    Checking defaults for OMS/cmsy/m/n on input line 22.
LaTeX Font Info:    ... okay on input line 22.
LaTeX Font Info:    Checking defaults for OMX/cmex/m/n on input line 22.
LaTeX Font Info:    ... okay on input line 22.
LaTeX Font Info:    Checking defaults for U/cmr/m/n on input line 22.
LaTeX Font Info:    ... okay on input line 22.
LaTeX Font Info:    Checking defaults for PD1/pdf/m/n on input line 22.
LaTeX Font Info:    ... okay on input line 22.
LaTeX Font Info:    Try loading font information for OT1+ptm on input line 22.
 ("C:\Program Files\MiKTeX 2.9\tex\latex\psnfss\ot1ptm.fd"
File: ot1ptm.fd 2001/06/04 font definitions for OT1/ptm.
)
("C:\Program Files\MiKTeX 2.9\tex\context\base\supp-pdf.mkii"
[Loading MPS to PDF converter (version 2006.09.02).]
\scratchcounter=\count127
\scratchdimen=\dimen133
\scratchbox=\box34
\nofMPsegments=\count128
\nofMParguments=\count129
\everyMPshowfont=\toks23
\MPscratchCnt=\count130
\MPscratchDim=\dimen134
\MPnumerator=\count131
\makeMPintoPDFobject=\count132
\everyMPtoPDFconversion=\toks24
) ("C:\Program Files\MiKTeX 2.9\tex\latex\oberdiek\epstopdf-base.sty"
Package: epstopdf-base 2016/05/15 v2.6 Base part for package epstopdf

("C:\Program Files\MiKTeX 2.9\tex\latex\oberdiek\grfext.sty"
Package: grfext 2016/05/16 v1.2 Manage graphics extensions (HO)
)
Package epstopdf-base Info: Redefining graphics rule for `.eps' on input line 4
38.
Package grfext Info: Graphics extension search list:
(grfext)             [.pdf,.png,.jpg,.mps,.jpeg,.jbig2,.jb2,.PDF,.PNG,.JPG,.JPE
G,.JBIG2,.JB2,.eps]
(grfext)             \AppendGraphicsExtensions on input line 456.
)
\AtBeginShipoutBox=\box35
Package hyperref Info: Link coloring ON on input line 22.

("C:\Program Files\MiKTeX 2.9\tex\latex\hyperref\nameref.sty"
Package: nameref 2016/05/21 v2.44 Cross-referencing by name of section

("C:\Program Files\MiKTeX 2.9\tex\generic\oberdiek\gettitlestring.sty"
Package: gettitlestring 2016/05/16 v1.5 Cleanup title references (HO)
)
\c@section@level=\count133
)
LaTeX Info: Redefining \ref on input line 22.
LaTeX Info: Redefining \pageref on input line 22.
LaTeX Info: Redefining \nameref on input line 22.

(rabbit_ears.out) (rabbit_ears.out)
\@outlinefile=\write3
\openout3 = `rabbit_ears.out'.

LaTeX Font Info:    Font shape `OT1/ptm/bx/n' in size <9> not available
(Font)              Font shape `OT1/ptm/b/n' tried instead on input line 39.
LaTeX Font Info:    Font shape `OT1/ptm/bx/n' in size <14.4> not available
(Font)              Font shape `OT1/ptm/b/n' tried instead on input line 39.

Overfull \hbox (5.1225pt too wide) in paragraph at lines 43--43
 [] 
 []

LaTeX Font Info:    Font shape `OT1/ptm/bx/n' in size <12> not available
(Font)              Font shape `OT1/ptm/b/n' tried instead on input line 43.
LaTeX Font Info:    Try loading font information for OT1+pcr on input line 48.
("C:\Program Files\MiKTeX 2.9\tex\latex\psnfss\ot1pcr.fd"
File: ot1pcr.fd 2001/06/04 font definitions for OT1/pcr.
)
LaTeX Font Info:    Try loading font information for OMS+ptm on input line 56.

("C:\Program Files\MiKTeX 2.9\tex\latex\psnfss\omsptm.fd"
File: omsptm.fd 
)
LaTeX Font Info:    Font shape `OMS/ptm/m/n' in size <10> not available
(Font)              Font shape `OMS/cmsy/m/n' tried instead on input line 56.
LaTeX Font Info:    Font shape `OT1/ptm/bx/n' in size <10> not available
(Font)              Font shape `OT1/ptm/b/n' tried instead on input line 56.
 [1{C:/ProgramData/MiKTeX/2.9/pdftex/config/pdftex.map}



]
<gr_frontend.png, id=18, 385.44pt x 235.88126pt>
File: gr_frontend.png Graphic file (type png)
<use gr_frontend.png>
Package pdftex.def Info: gr_frontend.png  used on input line 143. on input line
 143.
Package pdftex.def Info: Requested size: 234.8775pt x 143.73978pt on input line
 143.

Underfull \hbox (badness 1337) in paragraph at lines 144--144
[][][]\OT1/ptm/m/n/9 Example flow-graph of ATSC re-ceiver blocks from
 []

<gr_buffers.png, id=24, 749.80125pt x 305.14pt>
File: gr_buffers.png Graphic file (type png)
<use gr_buffers.png>
Package pdftex.def Info: gr_buffers.png  used on input line 163. on input line 
163.
Package pdftex.def Info: Requested size: 234.8775pt x 95.58415pt on input line 
163.
<gr_runtime.png, id=25, 759.83875pt x 308.15125pt>
File: gr_runtime.png Graphic file (type png)
<use gr_runtime.png>
Package pdftex.def Info: gr_runtime.png  used on input line 171. on input line 
171.
Package pdftex.def Info: Requested size: 234.8775pt x 95.25317pt on input line 
171.

Underfull \hbox (badness 1082) in paragraph at lines 172--172
[][][]\OT1/ptm/m/n/9 Average run-time us-age of \OT1/pcr/m/n/9 gr-dtv \OT1/ptm/
m/n/9 ATSC re-ceiver
 []

<spectrum.png, id=26, 237.88875pt x 170.6375pt>
File: spectrum.png Graphic file (type png)
<use spectrum.png>
Package pdftex.def Info: spectrum.png  used on input line 179. on input line 17
9.
Package pdftex.def Info: Requested size: 234.8775pt x 168.48639pt on input line
 179.

LaTeX Warning: `h' float specifier changed to `ht'.


Underfull \hbox (badness 5064) in paragraph at lines 188--189
\OT1/ptm/m/n/10 built into an FPGA im-age by run-ning the \OT1/pcr/m/n/10 make
 []

[2pdfTeX warning (ext4): destination with the same identifier (name{figure.1}) 
has been already used, duplicate ignored

\AtBegShi@Output ...ipout \box \AtBeginShipoutBox 
                                                  \fi \fi 
l.189 
      pdfTeX warning (ext4): destination with the same identifier (name{figure.
2}) has been already used, duplicate ignored

\AtBegShi@Output ...ipout \box \AtBeginShipoutBox 
                                                  \fi \fi 
l.189 
      pdfTeX warning (ext4): destination with the same identifier (name{figure.
3}) has been already used, duplicate ignored

\AtBegShi@Output ...ipout \box \AtBeginShipoutBox 
                                                  \fi \fi 
l.189 
       <./gr_frontend.png> <./gr_buffers.png> <./gr_runtime.png>]
<workflow.png, id=43, 310.66063pt x 325.215pt>
File: workflow.png Graphic file (type png)
<use workflow.png>
Package pdftex.def Info: workflow.png  used on input line 192. on input line 19
2.
Package pdftex.def Info: Requested size: 234.8775pt x 245.8807pt on input line 
192.


LaTeX Warning: `h' float specifier changed to `ht'.


Underfull \hbox (badness 1997) in paragraph at lines 203--204
\OT1/ptm/m/n/10 such as \OT1/pcr/m/n/10 #pragma HLS PIPELINE\OT1/ptm/m/n/10 , \
OT1/pcr/m/n/10 #pragma HLS
 []


Underfull \hbox (badness 1072) in paragraph at lines 203--204
\OT1/pcr/m/n/10 UNROLL\OT1/ptm/m/n/10 , \OT1/pcr/m/n/10 #pragma HLS RESOURCE\OT
1/ptm/m/n/10 , and \OT1/pcr/m/n/10 #pragma
 []


Underfull \vbox (badness 3861) has occurred while \output is active []

 [3pdfTeX warning (ext4): destination with the same identifier (name{figure.4})
 has been already used, duplicate ignored

\AtBegShi@Output ...ipout \box \AtBeginShipoutBox 
                                                  \fi \fi 
l.210 
      pdfTeX warning (ext4): destination with the same identifier (name{figure.
5}) has been already used, duplicate ignored

\AtBegShi@Output ...ipout \box \AtBeginShipoutBox 
                                                  \fi \fi 
l.210 
       <./spectrum.png> <./workflow.png>]
<xsim.png, id=60, 734.745pt x 435.6275pt>
File: xsim.png Graphic file (type png)
<use xsim.png>
Package pdftex.def Info: xsim.png  used on input line 213. on input line 213.
Package pdftex.def Info: Requested size: 234.8775pt x 139.2574pt on input line 
213.

Underfull \hbox (badness 10000) in paragraph at lines 214--214
[][][]\OT1/ptm/m/n/9 The HDL test-bench uses Vi-vado Sim-u-la-tor or
 []


Underfull \hbox (badness 3312) in paragraph at lines 214--214
\OT1/ptm/m/n/9 XSIM. The GUI as shown can be en-abled us-ing \OT1/pcr/m/n/9 mak
e
 []


Underfull \hbox (badness 1990) in paragraph at lines 223--224
[]\OT1/ptm/m/n/10 The sched-uler is a note-wor-thy fea-ture of GNU Ra-
 []


Underfull \hbox (badness 2671) in paragraph at lines 223--224
\OT1/ptm/m/n/10 The soft-ware im-ple-men-ta-tion of RX Fil-ter uses the
 []

[4pdfTeX warning (ext4): destination with the same identifier (name{figure.6}) 
has been already used, duplicate ignored

\AtBegShi@Output ...ipout \box \AtBeginShipoutBox 
                                                  \fi \fi 
l.235 
       <./xsim.png>]
<noc.png, id=80, 578.16pt x 345.4506pt>
File: noc.png Graphic file (type png)
<use noc.png>
Package pdftex.def Info: noc.png  used on input line 240. on input line 240.
Package pdftex.def Info: Requested size: 234.8775pt x 140.33896pt on input line
 240.
<axis.png, id=87, 376.40625pt x 209.78375pt>
File: axis.png Graphic file (type png)
<use axis.png>
Package pdftex.def Info: axis.png  used on input line 250. on input line 250.
Package pdftex.def Info: Requested size: 234.8775pt x 130.90964pt on input line
 250.
<settings.png, id=92, 376.40625pt x 225.34187pt>
File: settings.png Graphic file (type png)
<use settings.png>
Package pdftex.def Info: settings.png  used on input line 258. on input line 25
8.
Package pdftex.def Info: Requested size: 234.8775pt x 140.61826pt on input line
 258.
 [5pdfTeX warning (ext4): destination with the same identifier (name{figure.7})
 has been already used, duplicate ignored

\AtBegShi@Output ...ipout \box \AtBeginShipoutBox 
                                                  \fi \fi 
l.265 
      pdfTeX warning (ext4): destination with the same identifier (name{figure.
8}) has been already used, duplicate ignored

\AtBegShi@Output ...ipout \box \AtBeginShipoutBox 
                                                  \fi \fi 
l.265 
      pdfTeX warning (ext4): destination with the same identifier (name{figure.
9}) has been already used, duplicate ignored

\AtBegShi@Output ...ipout \box \AtBeginShipoutBox 
                                                  \fi \fi 
l.265 
       <./noc.png> <./axis.png> <./settings.png>]
<percentarea.png, id=120, 430.10687pt x 413.04312pt>
File: percentarea.png Graphic file (type png)
<use percentarea.png>
Package pdftex.def Info: percentarea.png  used on input line 272. on input line
 272.
Package pdftex.def Info: Requested size: 234.8775pt x 225.56096pt on input line
 272.

Underfull \hbox (badness 10000) in paragraph at lines 281--281

 []

<area.png, id=123, 279.54437pt x 235.37938pt>
File: area.png Graphic file (type png)
<use area.png>
Package pdftex.def Info: area.png  used on input line 282. on input line 282.
Package pdftex.def Info: Requested size: 234.8775pt x 197.77478pt on input line
 282.

LaTeX Warning: `h' float specifier changed to `ht'.


Underfull \hbox (badness 10000) in paragraph at lines 292--292

 []

<rates.png, id=127, 409.02812pt x 307.64937pt>
File: rates.png Graphic file (type png)
<use rates.png>
Package pdftex.def Info: rates.png  used on input line 293. on input line 293.
Package pdftex.def Info: Requested size: 234.8775pt x 176.66698pt on input line
 293.

LaTeX Warning: `h' float specifier changed to `ht'.

<dog.png, id=129, 1284.8pt x 799.98875pt>
File: dog.png Graphic file (type png)
<use dog.png>
Package pdftex.def Info: dog.png  used on input line 303. on input line 303.
Package pdftex.def Info: Requested size: 234.8775pt x 146.23781pt on input line
 303.

LaTeX Warning: `h' float specifier changed to `ht'.


Underfull \vbox (badness 5302) has occurred while \output is active []

 [6pdfTeX warning (ext4): destination with the same identifier (name{figure.10}
) has been already used, duplicate ignored

\AtBegShi@Output ...ipout \box \AtBeginShipoutBox 
                                                  \fi \fi 
l.311 
      pdfTeX warning (ext4): destination with the same identifier (name{table.1
}) has been already used, duplicate ignored

\AtBegShi@Output ...ipout \box \AtBeginShipoutBox 
                                                  \fi \fi 
l.311 
       <./percentarea.png> <./area.png>]
<grc.png, id=143, 865.2325pt x 456.70625pt>
File: grc.png Graphic file (type png)
<use grc.png>
Package pdftex.def Info: grc.png  used on input line 314. on input line 314.
Package pdftex.def Info: Requested size: 234.8775pt x 123.97437pt on input line
 314.

Underfull \hbox (badness 1924) in paragraph at lines 315--315
[][][]\OT1/ptm/m/n/9 Flowgraph with RFNoC blocks im-ple-mented and
 []


LaTeX Warning: `h' float specifier changed to `ht'.


Underfull \vbox (badness 2221) has occurred while \output is active []

 [7pdfTeX warning (ext4): destination with the same identifier (name{table.2}) 
has been already used, duplicate ignored

\AtBegShi@Output ...ipout \box \AtBeginShipoutBox 
                                                  \fi \fi 
l.325 
      pdfTeX warning (ext4): destination with the same identifier (name{figure.
11}) has been already used, duplicate ignored

\AtBegShi@Output ...ipout \box \AtBeginShipoutBox 
                                                  \fi \fi 
l.325 
      pdfTeX warning (ext4): destination with the same identifier (name{figure.
12}) has been already used, duplicate ignored

\AtBegShi@Output ...ipout \box \AtBeginShipoutBox 
                                                  \fi \fi 
l.325 
       <./rates.png> <./dog.png> <./grc.png>]
<antenna.png, id=152, 362.85562pt x 542.025pt>
File: antenna.png Graphic file (type png)
<use antenna.png>
Package pdftex.def Info: antenna.png  used on input line 331. on input line 331
.
Package pdftex.def Info: Requested size: 234.8775pt x 350.8647pt on input line 
331.
 (rabbit_ears.bbl
Missing character: There is no â in font ptmri7t!
Missing character: There is no € in font ptmri7t!
Missing character: There is no “ in font ptmri7t!

Underfull \hbox (badness 1990) in paragraph at lines 9--16
[]\OT1/ptm/m/n/10 ATSC.  Doc. a/53 part 2:2011.  In \OT1/ptm/m/it/10 ATSC Dig-i
-tal
 []


Underfull \hbox (badness 10000) in paragraph at lines 9--16
\OT1/ptm/m/it/10 Tele-vi-sion Stan-dard  Part 2: RF/Transmission
 []


Underfull \hbox (badness 10000) in paragraph at lines 9--16
\OT1/ptm/m/it/10 Sys-tem Char-ac-ter-is-tics\OT1/ptm/m/n/10 . Ad-vanced Tele-vi
-sion
 []


Underfull \hbox (badness 10000) in paragraph at lines 9--16
\OT1/ptm/m/n/10 Sys-tems Com-mit-tee, Re-trieved from [][]$\OT1/pcr/m/n/10 http
 :
 []


Underfull \hbox (badness 10000) in paragraph at lines 9--16
\OT1/pcr/m/n/10 / / www . atsc . org / wp-[]content / uploads /
 []


Underfull \hbox (badness 10000) in paragraph at lines 18--23
\OT1/ptm/m/n/10 time, over-the-air, pure soft-ware ATSC dig-i-tal
 []


Underfull \hbox (badness 10000) in paragraph at lines 18--23
\OT1/ptm/m/n/10 tele-vi-sion re-cep-tion with #usrp and #gnu-ra-dio.
 []


Underfull \hbox (badness 10000) in paragraph at lines 18--23
[][]$\OT1/pcr/m/n/10 http : / / t . co / t46BPG28gB$[][]\OT1/ptm/m/n/10 ". Re-t
rieved from
 []


Underfull \hbox (badness 10000) in paragraph at lines 18--23
[][]$\OT1/pcr/m/n/10 https : / / twitter . com / jmcorgan / status /
 []


Underfull \vbox (badness 1448) has occurred while \output is active []

 [8pdfTeX warning (ext4): destination with the same identifier (name{figure.13}
) has been already used, duplicate ignored

\AtBegShi@Output ...ipout \box \AtBeginShipoutBox 
                                                  \fi \fi 
l.23 
      <./antenna.png>]
Underfull \hbox (badness 10000) in paragraph at lines 25--28
[][]$\OT1/pcr/m/n/10 https : / / kb . ettus . com / Getting _ Started _
 []


Underfull \hbox (badness 2401) in paragraph at lines 35--40
\OT1/ptm/m/it/10 Ref-er-ence Guide\OT1/ptm/m/n/10 , Re-trieved from [][]$\OT1/p
cr/m/n/10 https : / / www .
 []


Underfull \hbox (badness 10000) in paragraph at lines 35--40
\OT1/pcr/m/n/10 xilinx . com / support / documentation / ip _
 []


Underfull \hbox (badness 10000) in paragraph at lines 35--40
\OT1/pcr/m/n/10 documentation / axi _ ref _ guide / latest /
 []


Underfull \hbox (badness 10000) in paragraph at lines 35--40
\OT1/pcr/m/n/10 ug1037-[]vivado-[]axi-[]reference-[]guide .
 []


Underfull \hbox (badness 1715) in paragraph at lines 42--48
[]\OT1/ptm/m/n/10 Xilinx, Inc.  Ug902 (v2015.4).  In \OT1/ptm/m/it/10 Vi-vado D
e-sign
 []


Underfull \hbox (badness 10000) in paragraph at lines 42--48
\OT1/ptm/m/n/10 from [][]$\OT1/pcr/m/n/10 https : / / www . xilinx . com / supp
ort /
 []


Underfull \hbox (badness 10000) in paragraph at lines 42--48
\OT1/pcr/m/n/10 documentation / sw _ manuals / xilinx2015 _
 []


Underfull \hbox (badness 10000) in paragraph at lines 42--48
\OT1/pcr/m/n/10 4 / ug902-[]vivado-[]high-[]level-[]synthesis .
 []

)
Package atveryend Info: Empty hook `BeforeClearDocument' on input line 349.
 [9

]
Package atveryend Info: Empty hook `AfterLastShipout' on input line 349.
 (rabbit_ears.aux)
Package atveryend Info: Executing hook `AtVeryEndDocument' on input line 349.
Package atveryend Info: Executing hook `AtEndAfterFileList' on input line 349.
Package rerunfilecheck Info: File `rabbit_ears.out' has not changed.
(rerunfilecheck)             Checksum: D41D8CD98F00B204E9800998ECF8427E;0.


LaTeX Warning: Label(s) may have changed. Rerun to get cross-references right.

Package atveryend Info: Empty hook `AtVeryVeryEnd' on input line 349.
 ) 
Here is how much of TeX's memory you used:
 7439 strings out of 493319
 106688 string characters out of 3138935
 217243 words of memory out of 3000000
 10817 multiletter control sequences out of 15000+200000
 24990 words of font info for 55 fonts, out of 3000000 for 9000
 1141 hyphenation exceptions out of 8191
 33i,11n,45p,1795b,453s stack positions out of 5000i,500n,10000p,200000b,50000s
{C:/Program Files/MiKTeX 2.9/fonts/enc/dvips/base/8r.enc}<C:/Program Files/Mi
KTeX 2.9/fonts/type1/public/amsfonts/cm/cmmi10.pfb><C:/Program Files/MiKTeX 2.9
/fonts/type1/public/amsfonts/cm/cmr10.pfb><C:/Program Files/MiKTeX 2.9/fonts/ty
pe1/public/amsfonts/cm/cmsy10.pfb><C:/Program Files/MiKTeX 2.9/fonts/type1/publ
ic/amsfonts/cm/cmtt10.pfb><C:/Program Files/MiKTeX 2.9/fonts/type1/public/amsfo
nts/cm/cmtt8.pfb><C:/Program Files/MiKTeX 2.9/fonts/type1/public/amsfonts/cm/cm
tt9.pfb><C:/Program Files/MiKTeX 2.9/fonts/type1/urw/courier/ucrr8a.pfb><C:/Pro
gram Files/MiKTeX 2.9/fonts/type1/urw/times/utmb8a.pfb><C:/Program Files/MiKTeX
 2.9/fonts/type1/urw/times/utmr8a.pfb><C:/Program Files/MiKTeX 2.9/fonts/type1/
urw/times/utmr8a.pfb><C:/Program Files/MiKTeX 2.9/fonts/type1/urw/times/utmri8a
.pfb>
Output written on rabbit_ears.pdf (9 pages, 4176787 bytes).
PDF statistics:
 233 PDF objects out of 1000 (max. 8388607)
 44 named destinations out of 1000 (max. 500000)
 76 words of extra memory for PDF output out of 10000 (max. 10000000)

