@I [HLS-10] Running '/opt/Xilinx/Vivado_HLS/2015.4/bin/unwrapped/lnx64.o/vivado_hls'
            for user 'switchlanez' on host 'switchlanez-HP-ProBook-6570b' (Linux_x86_64 version 4.4.0-81-generic) on Mon Jul 03 03:10:15 PDT 2017
            in directory '/home/switchlanez/working_dir/hls/atsc_fpll'
@I [HLS-10] Opening project '/home/switchlanez/working_dir/hls/atsc_fpll/atsc_fpll'.
@I [HLS-10] Opening solution '/home/switchlanez/working_dir/hls/atsc_fpll/atsc_fpll/solution1'.
@I [SYN-201] Setting up clock 'default' with a period of 4.67ns.
@I [HLS-10] Setting target device to 'xc7k410tffg900-2'
@I [SIM-47] Using XSIM for RTL simulation.
@I [SIM-14] Instrumenting C test bench ...
@W [SIM-75] Fifo port 'out_data' has a default depth of 1. Insufficient depth may cause simulation mismatch or freeze. Please specify the depth in 'set_directive_interface' using the option '-depth'.
@W [SIM-75] Fifo port 'out_last_V' has a default depth of 1. Insufficient depth may cause simulation mismatch or freeze. Please specify the depth in 'set_directive_interface' using the option '-depth'.
   Build using "/opt/Xilinx/Vivado_HLS/2015.4/lnx64/tools/gcc/bin/g++"
   Compiling apatb_atsc_fpll.cpp
   Compiling atsc_fpll.cc_pre.cc.tb.cc
   Compiling tb_main.cc_pre.cc.tb.cc
   Generating cosim.tv.exe
@I [SIM-302] Starting C TB testing ... 

AVG DELTA: 0.00000095333825811394
ACCURACY: 99.99999237060546875000%

@I [SIM-333] Generating C post check test bench ...
@I [SIM-12] Generating RTL test bench ...
@I [SIM-323] Starting verilog simulation. 
@I [SIM-15] Starting XSIM ...
Vivado Simulator 2015.4
Copyright 1986-1999, 2001-2015 Xilinx, Inc. All Rights Reserved.
Running: /opt/Xilinx/Vivado/2015.4/bin/unwrapped/lnx64.o/xelab xil_defaultlib.apatb_atsc_fpll_top -prj atsc_fpll.prj --lib ieee_proposed=./ieee_proposed -s atsc_fpll 
Multi-threading is on. Using 2 slave threads.
Determining compilation order of HDL files.
WARNING: [XSIM 43-3431] One or more environment variables have been detected which affect the operation of the C compiler. These are typically not set in standard installations and are not tested by Xilinx, however they may be appropriate for your system, so the flow will attempt to continue.  If errors occur, try running fuse with the "-mt off -v 1" switches to see more information from the C compiler. The following environment variables have been detected:
    LIBRARY_PATH
INFO: [VRFC 10-2263] Analyzing Verilog file "/home/switchlanez/working_dir/hls/atsc_fpll/atsc_fpll/solution1/sim/verilog/atsc_fpll_mul_9ns_9ns_18_3.v" into library xil_defaultlib
INFO: [VRFC 10-311] analyzing module atsc_fpll_mul_9ns_9ns_18_3_MulnS_1
INFO: [VRFC 10-311] analyzing module atsc_fpll_mul_9ns_9ns_18_3
INFO: [VRFC 10-2263] Analyzing Verilog file "/home/switchlanez/working_dir/hls/atsc_fpll/atsc_fpll/solution1/sim/verilog/atsc_fpll_atan2_cordic_floatdouble.v" into library xil_defaultlib
INFO: [VRFC 10-311] analyzing module atsc_fpll_atan2_cordic_floatdouble
INFO: [VRFC 10-2263] Analyzing Verilog file "/home/switchlanez/working_dir/hls/atsc_fpll/atsc_fpll/solution1/sim/verilog/atsc_fpll_atan2_range_redux_cordic.v" into library xil_defaultlib
INFO: [VRFC 10-311] analyzing module atsc_fpll_atan2_range_redux_cordic
INFO: [VRFC 10-2263] Analyzing Verilog file "/home/switchlanez/working_dir/hls/atsc_fpll/atsc_fpll/solution1/sim/verilog/atsc_fpll_mul_mul_23s_17ns_40_3.v" into library xil_defaultlib
INFO: [VRFC 10-311] analyzing module atsc_fpll_mul_mul_23s_17ns_40_3_DSP48_1
INFO: [VRFC 10-311] analyzing module atsc_fpll_mul_mul_23s_17ns_40_3
INFO: [VRFC 10-2263] Analyzing Verilog file "/home/switchlanez/working_dir/hls/atsc_fpll/atsc_fpll/solution1/sim/verilog/atsc_fpll_mul_mul_17ns_15s_32_3.v" into library xil_defaultlib
INFO: [VRFC 10-311] analyzing module atsc_fpll_mul_mul_17ns_15s_32_3_DSP48_0
INFO: [VRFC 10-311] analyzing module atsc_fpll_mul_mul_17ns_15s_32_3
INFO: [VRFC 10-2263] Analyzing Verilog file "/home/switchlanez/working_dir/hls/atsc_fpll/atsc_fpll/solution1/sim/verilog/atsc_fpll_work.v" into library xil_defaultlib
INFO: [VRFC 10-311] analyzing module atsc_fpll_work
INFO: [VRFC 10-2263] Analyzing Verilog file "/home/switchlanez/working_dir/hls/atsc_fpll/atsc_fpll/solution1/sim/verilog/atsc_fpll_mul_32s_31ns_62_7.v" into library xil_defaultlib
INFO: [VRFC 10-311] analyzing module atsc_fpll_mul_32s_31ns_62_7_MulnS_2
INFO: [VRFC 10-311] analyzing module atsc_fpll_mul_32s_31ns_62_7
INFO: [VRFC 10-2263] Analyzing Verilog file "/home/switchlanez/working_dir/hls/atsc_fpll/atsc_fpll/solution1/sim/verilog/atsc_fpll_sinf_or_cosf_hls_sin_cos_K2_V.v" into library xil_defaultlib
INFO: [VRFC 10-311] analyzing module atsc_fpll_sinf_or_cosf_hls_sin_cos_K2_V_rom
INFO: [VRFC 10-311] analyzing module atsc_fpll_sinf_or_cosf_hls_sin_cos_K2_V
INFO: [VRFC 10-2263] Analyzing Verilog file "/home/switchlanez/working_dir/hls/atsc_fpll/atsc_fpll/solution1/sim/verilog/atsc_fpll_atan2_cordic_float_s.v" into library xil_defaultlib
INFO: [VRFC 10-311] analyzing module atsc_fpll_atan2_cordic_float_s
INFO: [VRFC 10-2263] Analyzing Verilog file "/home/switchlanez/working_dir/hls/atsc_fpll/atsc_fpll/solution1/sim/verilog/atsc_fpll_faddfsub_32ns_32ns_32_8_full_dsp.v" into library xil_defaultlib
INFO: [VRFC 10-311] analyzing module atsc_fpll_faddfsub_32ns_32ns_32_8_full_dsp
INFO: [VRFC 10-2263] Analyzing Verilog file "/home/switchlanez/working_dir/hls/atsc_fpll/atsc_fpll/solution1/sim/verilog/AESL_axi_s_in.v" into library xil_defaultlib
INFO: [VRFC 10-311] analyzing module AESL_axi_s_in
INFO: [VRFC 10-2263] Analyzing Verilog file "/home/switchlanez/working_dir/hls/atsc_fpll/atsc_fpll/solution1/sim/verilog/atsc_fpll_fadd_32ns_32ns_32_8_full_dsp.v" into library xil_defaultlib
INFO: [VRFC 10-311] analyzing module atsc_fpll_fadd_32ns_32ns_32_8_full_dsp
INFO: [VRFC 10-2263] Analyzing Verilog file "/home/switchlanez/working_dir/hls/atsc_fpll/atsc_fpll/solution1/sim/verilog/atsc_fpll_big_mult_v3small_71_24_17_s.v" into library xil_defaultlib
INFO: [VRFC 10-311] analyzing module atsc_fpll_big_mult_v3small_71_24_17_s
INFO: [VRFC 10-2263] Analyzing Verilog file "/home/switchlanez/working_dir/hls/atsc_fpll/atsc_fpll/solution1/sim/verilog/atsc_fpll_my_to_float_31_1_s.v" into library xil_defaultlib
INFO: [VRFC 10-311] analyzing module atsc_fpll_my_to_float_31_1_s
INFO: [VRFC 10-2263] Analyzing Verilog file "/home/switchlanez/working_dir/hls/atsc_fpll/atsc_fpll/solution1/sim/verilog/atsc_fpll_fmul_32ns_32ns_32_4_max_dsp.v" into library xil_defaultlib
INFO: [VRFC 10-311] analyzing module atsc_fpll_fmul_32ns_32ns_32_4_max_dsp
INFO: [VRFC 10-2263] Analyzing Verilog file "/home/switchlanez/working_dir/hls/atsc_fpll/atsc_fpll/solution1/sim/verilog/atsc_fpll_mux_16to1_sel4_1_1.v" into library xil_defaultlib
INFO: [VRFC 10-311] analyzing module atsc_fpll_mux_16to1_sel4_1_1
INFO: [VRFC 10-2263] Analyzing Verilog file "/home/switchlanez/working_dir/hls/atsc_fpll/atsc_fpll/solution1/sim/verilog/atsc_fpll.autotb.v" into library xil_defaultlib
INFO: [VRFC 10-311] analyzing module apatb_atsc_fpll_top
INFO: [VRFC 10-2458] undeclared symbol ap_clk, assumed default net type wire [/home/switchlanez/working_dir/hls/atsc_fpll/atsc_fpll/solution1/sim/verilog/atsc_fpll.autotb.v:126]
INFO: [VRFC 10-2458] undeclared symbol ap_rst_n, assumed default net type wire [/home/switchlanez/working_dir/hls/atsc_fpll/atsc_fpll/solution1/sim/verilog/atsc_fpll.autotb.v:127]
INFO: [VRFC 10-2458] undeclared symbol ap_rst_n_n, assumed default net type wire [/home/switchlanez/working_dir/hls/atsc_fpll/atsc_fpll/solution1/sim/verilog/atsc_fpll.autotb.v:140]
INFO: [VRFC 10-2263] Analyzing Verilog file "/home/switchlanez/working_dir/hls/atsc_fpll/atsc_fpll/solution1/sim/verilog/atsc_fpll_sinf_or_cosf.v" into library xil_defaultlib
INFO: [VRFC 10-311] analyzing module atsc_fpll_sinf_or_cosf
INFO: [VRFC 10-2263] Analyzing Verilog file "/home/switchlanez/working_dir/hls/atsc_fpll/atsc_fpll/solution1/sim/verilog/AESL_fifo.v" into library xil_defaultlib
INFO: [VRFC 10-311] analyzing module fifo
INFO: [VRFC 10-2263] Analyzing Verilog file "/home/switchlanez/working_dir/hls/atsc_fpll/atsc_fpll/solution1/sim/verilog/atsc_fpll_mux_8to1_sel3_1_1.v" into library xil_defaultlib
INFO: [VRFC 10-311] analyzing module atsc_fpll_mux_8to1_sel3_1_1
INFO: [VRFC 10-2263] Analyzing Verilog file "/home/switchlanez/working_dir/hls/atsc_fpll/atsc_fpll/solution1/sim/verilog/atsc_fpll_fpext_32ns_64_1.v" into library xil_defaultlib
INFO: [VRFC 10-311] analyzing module atsc_fpll_fpext_32ns_64_1
INFO: [VRFC 10-2263] Analyzing Verilog file "/home/switchlanez/working_dir/hls/atsc_fpll/atsc_fpll/solution1/sim/verilog/atsc_fpll.v" into library xil_defaultlib
INFO: [VRFC 10-311] analyzing module atsc_fpll
INFO: [VRFC 10-2263] Analyzing Verilog file "/home/switchlanez/working_dir/hls/atsc_fpll/atsc_fpll/solution1/sim/verilog/atsc_fpll_fsub_32ns_32ns_32_8_full_dsp.v" into library xil_defaultlib
INFO: [VRFC 10-311] analyzing module atsc_fpll_fsub_32ns_32ns_32_8_full_dsp
INFO: [VRFC 10-2263] Analyzing Verilog file "/home/switchlanez/working_dir/hls/atsc_fpll/atsc_fpll/solution1/sim/verilog/atsc_fpll_big_mult_v3small_71_24_17_s_pp_V.v" into library xil_defaultlib
INFO: [VRFC 10-311] analyzing module atsc_fpll_big_mult_v3small_71_24_17_s_pp_V_ram
INFO: [VRFC 10-311] analyzing module atsc_fpll_big_mult_v3small_71_24_17_s_pp_V
INFO: [VRFC 10-2263] Analyzing Verilog file "/home/switchlanez/working_dir/hls/atsc_fpll/atsc_fpll/solution1/sim/verilog/atsc_fpll_fptrunc_64ns_32_1.v" into library xil_defaultlib
INFO: [VRFC 10-311] analyzing module atsc_fpll_fptrunc_64ns_32_1
INFO: [VRFC 10-2263] Analyzing Verilog file "/home/switchlanez/working_dir/hls/atsc_fpll/atsc_fpll/solution1/sim/verilog/atsc_fpll_sitofp_64s_32_6.v" into library xil_defaultlib
INFO: [VRFC 10-311] analyzing module atsc_fpll_sitofp_64s_32_6
INFO: [VRFC 10-2263] Analyzing Verilog file "/home/switchlanez/working_dir/hls/atsc_fpll/atsc_fpll/solution1/sim/verilog/atsc_fpll_mul_41s_24ns_41_6.v" into library xil_defaultlib
INFO: [VRFC 10-311] analyzing module atsc_fpll_mul_41s_24ns_41_6_MulnS_0
INFO: [VRFC 10-311] analyzing module atsc_fpll_mul_41s_24ns_41_6
INFO: [VRFC 10-2263] Analyzing Verilog file "/home/switchlanez/working_dir/hls/atsc_fpll/atsc_fpll/solution1/sim/verilog/atsc_fpll_sinf_or_cosf_hls_sin_cos_K1_V.v" into library xil_defaultlib
INFO: [VRFC 10-311] analyzing module atsc_fpll_sinf_or_cosf_hls_sin_cos_K1_V_rom
INFO: [VRFC 10-311] analyzing module atsc_fpll_sinf_or_cosf_hls_sin_cos_K1_V
INFO: [VRFC 10-2263] Analyzing Verilog file "/home/switchlanez/working_dir/hls/atsc_fpll/atsc_fpll/solution1/sim/verilog/atsc_fpll_sinf_or_cosf_hls_ref_4oPi_table_100_V.v" into library xil_defaultlib
INFO: [VRFC 10-311] analyzing module atsc_fpll_sinf_or_cosf_hls_ref_4oPi_table_100_V_rom
INFO: [VRFC 10-311] analyzing module atsc_fpll_sinf_or_cosf_hls_ref_4oPi_table_100_V
INFO: [VRFC 10-2263] Analyzing Verilog file "/home/switchlanez/working_dir/hls/atsc_fpll/atsc_fpll/solution1/sim/verilog/atsc_fpll_dcmp_64ns_64ns_1_1.v" into library xil_defaultlib
INFO: [VRFC 10-311] analyzing module atsc_fpll_dcmp_64ns_64ns_1_1
INFO: [VRFC 10-2263] Analyzing Verilog file "/home/switchlanez/working_dir/hls/atsc_fpll/atsc_fpll/solution1/sim/verilog/atsc_fpll_sinf_or_cosf_hls_sin_cos_K0_V.v" into library xil_defaultlib
INFO: [VRFC 10-311] analyzing module atsc_fpll_sinf_or_cosf_hls_sin_cos_K0_V_rom
INFO: [VRFC 10-311] analyzing module atsc_fpll_sinf_or_cosf_hls_sin_cos_K0_V
INFO: [VRFC 10-2263] Analyzing Verilog file "/home/switchlanez/working_dir/hls/atsc_fpll/atsc_fpll/solution1/sim/verilog/atsc_fpll_fcmp_32ns_32ns_1_1.v" into library xil_defaultlib
INFO: [VRFC 10-311] analyzing module atsc_fpll_fcmp_32ns_32ns_1_1
INFO: [VRFC 10-2263] Analyzing Verilog file "/home/switchlanez/working_dir/hls/atsc_fpll/atsc_fpll/solution1/sim/verilog/atsc_fpll_fdiv_32ns_32ns_32_16.v" into library xil_defaultlib
INFO: [VRFC 10-311] analyzing module atsc_fpll_fdiv_32ns_32ns_32_16
INFO: [VRFC 10-2263] Analyzing Verilog file "/home/switchlanez/working_dir/hls/atsc_fpll/atsc_fpll/solution1/sim/verilog/AESL_axi_s_out.v" into library xil_defaultlib
INFO: [VRFC 10-311] analyzing module AESL_axi_s_out
INFO: [VRFC 10-2263] Analyzing Verilog file "/home/switchlanez/working_dir/hls/atsc_fpll/atsc_fpll/solution1/sim/verilog/atsc_fpll_atan2_range_redux_cordic_hls_cordic_ctab_table_128_V.v" into library xil_defaultlib
INFO: [VRFC 10-311] analyzing module atsc_fpll_atan2_range_redux_cordic_hls_cordic_ctab_table_128_V_rom
INFO: [VRFC 10-311] analyzing module atsc_fpll_atan2_range_redux_cordic_hls_cordic_ctab_table_128_V
INFO: [VRFC 10-2263] Analyzing Verilog file "/home/switchlanez/working_dir/hls/atsc_fpll/atsc_fpll/solution1/sim/verilog/atsc_fpll_dadd_64ns_64ns_64_8_full_dsp.v" into library xil_defaultlib
INFO: [VRFC 10-311] analyzing module atsc_fpll_dadd_64ns_64ns_64_8_full_dsp
INFO: [VRFC 10-163] Analyzing VHDL file "/home/switchlanez/working_dir/hls/atsc_fpll/atsc_fpll/solution1/sim/verilog/ip/xbip_utils_v3_0_5/xbip_utils_v3_0_vh_rfs.vhd" into library xbip_utils_v3_0_5
INFO: [VRFC 10-163] Analyzing VHDL file "/home/switchlanez/working_dir/hls/atsc_fpll/atsc_fpll/solution1/sim/verilog/ip/axi_utils_v2_0_1/axi_utils_v2_0_vh_rfs.vhd" into library axi_utils_v2_0_1
INFO: [VRFC 10-307] analyzing entity glb_srl_fifo
INFO: [VRFC 10-307] analyzing entity glb_ifx_slave
INFO: [VRFC 10-307] analyzing entity glb_ifx_master
INFO: [VRFC 10-307] analyzing entity axi_slave_2to1
INFO: [VRFC 10-307] analyzing entity axi_slave_3to1
INFO: [VRFC 10-307] analyzing entity axi_slave_4to1
INFO: [VRFC 10-163] Analyzing VHDL file "/home/switchlanez/working_dir/hls/atsc_fpll/atsc_fpll/solution1/sim/verilog/ip/xbip_pipe_v3_0_1/xbip_pipe_v3_0_vh_rfs.vhd" into library xbip_pipe_v3_0_1
INFO: [VRFC 10-307] analyzing entity xbip_pipe_v3_0_1_viv
INFO: [VRFC 10-163] Analyzing VHDL file "/home/switchlanez/working_dir/hls/atsc_fpll/atsc_fpll/solution1/sim/verilog/ip/xbip_pipe_v3_0_1/xbip_pipe_v3_0.vhd" into library xbip_pipe_v3_0_1
INFO: [VRFC 10-307] analyzing entity xbip_pipe_v3_0_1
INFO: [VRFC 10-163] Analyzing VHDL file "/home/switchlanez/working_dir/hls/atsc_fpll/atsc_fpll/solution1/sim/verilog/ip/xbip_dsp48_wrapper_v3_0_4/xbip_dsp48_wrapper_v3_0_vh_rfs.vhd" into library xbip_dsp48_wrapper_v3_0_4
INFO: [VRFC 10-307] analyzing entity xbip_dsp48a_wrapper_v3_0
INFO: [VRFC 10-307] analyzing entity xbip_dsp48a1_wrapper_v3_0
INFO: [VRFC 10-307] analyzing entity xbip_dsp48e_wrapper_v3_0
INFO: [VRFC 10-307] analyzing entity xbip_dsp48e1_wrapper_v3_0
INFO: [VRFC 10-307] analyzing entity xbip_dsp48e2_wrapper_v3_0
INFO: [VRFC 10-307] analyzing entity xbip_dsp48_wrapper_v3_0_4
INFO: [VRFC 10-163] Analyzing VHDL file "/home/switchlanez/working_dir/hls/atsc_fpll/atsc_fpll/solution1/sim/verilog/ip/xbip_dsp48_addsub_v3_0_1/xbip_dsp48_addsub_v3_0_vh_rfs.vhd" into library xbip_dsp48_addsub_v3_0_1
INFO: [VRFC 10-307] analyzing entity xbip_dsp48_addsub_rtl
INFO: [VRFC 10-307] analyzing entity xbip_dsp48_addsub_synth
INFO: [VRFC 10-307] analyzing entity xbip_dsp48_addsub_v3_0_1_viv
INFO: [VRFC 10-163] Analyzing VHDL file "/home/switchlanez/working_dir/hls/atsc_fpll/atsc_fpll/solution1/sim/verilog/ip/xbip_dsp48_addsub_v3_0_1/xbip_dsp48_addsub_v3_0.vhd" into library xbip_dsp48_addsub_v3_0_1
INFO: [VRFC 10-307] analyzing entity xbip_dsp48_addsub_v3_0_1
INFO: [VRFC 10-163] Analyzing VHDL file "/home/switchlanez/working_dir/hls/atsc_fpll/atsc_fpll/solution1/sim/verilog/ip/xbip_dsp48_multadd_v3_0_1/xbip_dsp48_multadd_v3_0_vh_rfs.vhd" into library xbip_dsp48_multadd_v3_0_1
INFO: [VRFC 10-307] analyzing entity xbip_dsp48_multadd_rtl
INFO: [VRFC 10-307] analyzing entity xbip_dsp48_multadd_synth
INFO: [VRFC 10-307] analyzing entity xbip_dsp48_multadd_v3_0_1_viv
INFO: [VRFC 10-163] Analyzing VHDL file "/home/switchlanez/working_dir/hls/atsc_fpll/atsc_fpll/solution1/sim/verilog/ip/xbip_dsp48_multadd_v3_0_1/xbip_dsp48_multadd_v3_0.vhd" into library xbip_dsp48_multadd_v3_0_1
INFO: [VRFC 10-307] analyzing entity xbip_dsp48_multadd_v3_0_1
INFO: [VRFC 10-163] Analyzing VHDL file "/home/switchlanez/working_dir/hls/atsc_fpll/atsc_fpll/solution1/sim/verilog/ip/xbip_bram18k_v3_0_1/xbip_bram18k_v3_0_vh_rfs.vhd" into library xbip_bram18k_v3_0_1
INFO: [VRFC 10-307] analyzing entity xbip_bram18k_synth
INFO: [VRFC 10-307] analyzing entity xbip_bram18k_rtl
INFO: [VRFC 10-307] analyzing entity xbip_bram18k_v3_0_1_viv
INFO: [VRFC 10-163] Analyzing VHDL file "/home/switchlanez/working_dir/hls/atsc_fpll/atsc_fpll/solution1/sim/verilog/ip/xbip_bram18k_v3_0_1/xbip_bram18k_v3_0.vhd" into library xbip_bram18k_v3_0_1
INFO: [VRFC 10-307] analyzing entity xbip_bram18k_v3_0_1
INFO: [VRFC 10-163] Analyzing VHDL file "/home/switchlanez/working_dir/hls/atsc_fpll/atsc_fpll/solution1/sim/verilog/ip/mult_gen_v12_0_10/mult_gen_v12_0_vh_rfs.vhd" into library mult_gen_v12_0_10
INFO: [VRFC 10-307] analyzing entity op_resize
INFO: [VRFC 10-307] analyzing entity delay_line
INFO: [VRFC 10-307] analyzing entity cc_compare
INFO: [VRFC 10-307] analyzing entity luts
INFO: [VRFC 10-307] analyzing entity mult18
INFO: [VRFC 10-307] analyzing entity dsp
INFO: [VRFC 10-307] analyzing entity hybrid
INFO: [VRFC 10-307] analyzing entity ccm_dist_mem
INFO: [VRFC 10-307] analyzing entity ccm_sp_block_mem
INFO: [VRFC 10-307] analyzing entity ccm_dp_block_mem
INFO: [VRFC 10-307] analyzing entity ccm_syncmem
INFO: [VRFC 10-307] analyzing entity ccm_scaled_adder
INFO: [VRFC 10-307] analyzing entity ccm_operation
INFO: [VRFC 10-307] analyzing entity ccm
INFO: [VRFC 10-307] analyzing entity three_input_adder
INFO: [VRFC 10-307] analyzing entity multmxn_lut6
INFO: [VRFC 10-307] analyzing entity mult_gen_v12_0_10_viv
INFO: [VRFC 10-163] Analyzing VHDL file "/home/switchlanez/working_dir/hls/atsc_fpll/atsc_fpll/solution1/sim/verilog/ip/mult_gen_v12_0_10/mult_gen_v12_0.vhd" into library mult_gen_v12_0_10
INFO: [VRFC 10-307] analyzing entity mult_gen_v12_0_10
INFO: [VRFC 10-163] Analyzing VHDL file "/home/switchlanez/working_dir/hls/atsc_fpll/atsc_fpll/solution1/sim/verilog/ip/floating_point_v7_1_1/floating_point_v7_1_vh_rfs.vhd" into library floating_point_v7_1_1
INFO: [VRFC 10-307] analyzing entity fdgS
INFO: [VRFC 10-307] analyzing entity fdgW
INFO: [VRFC 10-307] analyzing entity lutV
INFO: [VRFC 10-307] analyzing entity lutS
INFO: [VRFC 10-307] analyzing entity lutN
INFO: [VRFC 10-307] analyzing entity lutNMuxS
INFO: [VRFC 10-307] analyzing entity srl16eS
INFO: [VRFC 10-307] analyzing entity delayS
INFO: [VRFC 10-307] analyzing entity andW
INFO: [VRFC 10-307] analyzing entity orW
INFO: [VRFC 10-307] analyzing entity srl16ew
INFO: [VRFC 10-307] analyzing entity delayW
INFO: [VRFC 10-307] analyzing entity compW
INFO: [VRFC 10-307] analyzing entity addSubW
INFO: [VRFC 10-307] analyzing entity equalW
INFO: [VRFC 10-307] analyzing entity addW
INFO: [VRFC 10-307] analyzing entity mult18
INFO: [VRFC 10-307] analyzing entity cntrlgen
INFO: [VRFC 10-307] analyzing entity cntrlgen2
INFO: [VRFC 10-307] analyzing entity ppGenR8
INFO: [VRFC 10-307] analyzing entity ppGenR8Msb2
INFO: [VRFC 10-307] analyzing entity addSubShGW
INFO: [VRFC 10-307] analyzing entity addSubShFW
INFO: [VRFC 10-307] analyzing entity vmRoundW
INFO: [VRFC 10-307] analyzing entity vmsMultCore
INFO: [VRFC 10-307] analyzing entity wideEmbedMult4
INFO: [VRFC 10-307] analyzing entity wideEmbedMult16
INFO: [VRFC 10-307] analyzing entity wideEmbedMult
INFO: [VRFC 10-307] analyzing entity dsp48MultALine
INFO: [VRFC 10-307] analyzing entity dsp48Mult
INFO: [VRFC 10-307] analyzing entity xMult
INFO: [VRFC 10-307] analyzing entity delay
INFO: [VRFC 10-307] analyzing entity delay_s
INFO: [VRFC 10-307] analyzing entity mux_bus2
INFO: [VRFC 10-307] analyzing entity twos_comp
INFO: [VRFC 10-307] analyzing entity carry_chain
INFO: [VRFC 10-307] analyzing entity mux4
INFO: [VRFC 10-307] analyzing entity compare_gt
INFO: [VRFC 10-307] analyzing entity compare_eq_im
INFO: [VRFC 10-307] analyzing entity compare_ne_im
INFO: [VRFC 10-307] analyzing entity compare_eq
INFO: [VRFC 10-307] analyzing entity compare
INFO: [VRFC 10-307] analyzing entity special_detect
INFO: [VRFC 10-307] analyzing entity norm_zero_det
INFO: [VRFC 10-307] analyzing entity zero_det_sel
INFO: [VRFC 10-307] analyzing entity shift_msb_first
INFO: [VRFC 10-307] analyzing entity flt_dec_op
INFO: [VRFC 10-307] analyzing entity flt_dec_op_lat
INFO: [VRFC 10-307] analyzing entity lead_zero_encode
INFO: [VRFC 10-307] analyzing entity lead_zero_encode_shift
INFO: [VRFC 10-307] analyzing entity dsp48e1_wrapper
INFO: [VRFC 10-307] analyzing entity dsp48e2_wrapper
INFO: [VRFC 10-307] analyzing entity addsub_logic
INFO: [VRFC 10-307] analyzing entity addsub_dsp
INFO: [VRFC 10-307] analyzing entity addsub
INFO: [VRFC 10-307] analyzing entity flt_round_bit
INFO: [VRFC 10-307] analyzing entity renorm_and_round_logic
INFO: [VRFC 10-307] analyzing entity norm_and_round_dsp48e1_sgl
INFO: [VRFC 10-307] analyzing entity norm_and_round_logic
INFO: [VRFC 10-307] analyzing entity alignment
INFO: [VRFC 10-307] analyzing entity normalize
INFO: [VRFC 10-307] analyzing entity align_add_dsp48e1_sgl
INFO: [VRFC 10-307] analyzing entity align_add
INFO: [VRFC 10-307] analyzing entity multadd
INFO: [VRFC 10-307] analyzing entity compare_ge
INFO: [VRFC 10-307] analyzing entity flt_mant_lookup_hp
INFO: [VRFC 10-307] analyzing entity fix_to_flt_conv_exp
INFO: [VRFC 10-307] analyzing entity fix_to_flt_conv
INFO: [VRFC 10-307] analyzing entity flt_to_fix_conv
INFO: [VRFC 10-307] analyzing entity flt_to_flt_conv_exp
INFO: [VRFC 10-307] analyzing entity flt_to_flt_conv
INFO: [VRFC 10-307] analyzing entity fp_cmp
INFO: [VRFC 10-307] analyzing entity flt_sqrt_mant_addsub
INFO: [VRFC 10-307] analyzing entity flt_sqrt_mant
INFO: [VRFC 10-307] analyzing entity flt_sqrt_exp
INFO: [VRFC 10-307] analyzing entity flt_sqrt
INFO: [VRFC 10-307] analyzing entity flt_div_mant_addsub
INFO: [VRFC 10-307] analyzing entity flt_div_mant
INFO: [VRFC 10-307] analyzing entity flt_div_exp
INFO: [VRFC 10-307] analyzing entity flt_div
INFO: [VRFC 10-307] analyzing entity fix_mult_dsp48e1_lat_dbl
INFO: [VRFC 10-307] analyzing entity fix_mult_dsp48e1_sgl
INFO: [VRFC 10-307] analyzing entity fix_mult_dsp48e1_dbl
INFO: [VRFC 10-307] analyzing entity fix_mult_dsp48e2_dbl
INFO: [VRFC 10-307] analyzing entity fix_mult_qq
INFO: [VRFC 10-307] analyzing entity fix_mult_xx
INFO: [VRFC 10-307] analyzing entity fix_mult
INFO: [VRFC 10-307] analyzing entity flt_round_dsp_opt_full
INFO: [VRFC 10-307] analyzing entity flt_round_dsp_opt_part
INFO: [VRFC 10-307] analyzing entity flt_mult_round
INFO: [VRFC 10-307] analyzing entity flt_mult_exp
INFO: [VRFC 10-307] analyzing entity flt_mult
INFO: [VRFC 10-307] analyzing entity flt_add_exp
INFO: [VRFC 10-307] analyzing entity flt_add_logic
INFO: [VRFC 10-307] analyzing entity flt_add_lat_align_add
INFO: [VRFC 10-307] analyzing entity flt_add_lat_norm
INFO: [VRFC 10-307] analyzing entity flt_add_lat_exp
INFO: [VRFC 10-307] analyzing entity flt_add_lat
INFO: [VRFC 10-307] analyzing entity align_add_dsp48e1_hp
INFO: [VRFC 10-307] analyzing entity lead_zero_encode_shift_hp
INFO: [VRFC 10-307] analyzing entity norm_and_round_dsp48e1_hp
INFO: [VRFC 10-307] analyzing entity flt_add_exp_hp
INFO: [VRFC 10-307] analyzing entity flt_add_exp_sp
INFO: [VRFC 10-307] analyzing entity flt_add_dsp
INFO: [VRFC 10-307] analyzing entity flt_add
INFO: [VRFC 10-307] analyzing entity flt_recip_approx
INFO: [VRFC 10-307] analyzing entity flt_recip_nr
INFO: [VRFC 10-307] analyzing entity flt_recip_reduction_calc
INFO: [VRFC 10-307] analyzing entity flt_recip_eval
INFO: [VRFC 10-307] analyzing entity flt_recip_postprocess
INFO: [VRFC 10-307] analyzing entity flt_recip_specialcase
INFO: [VRFC 10-307] analyzing entity flt_recip_recomb
INFO: [VRFC 10-307] analyzing entity flt_recipsqrt_dp_m_calc
INFO: [VRFC 10-307] analyzing entity flt_recip
INFO: [VRFC 10-307] analyzing entity flt_log_addsub
INFO: [VRFC 10-307] analyzing entity flt_log_addsub_taylor_fabric
INFO: [VRFC 10-307] analyzing entity flt_log_addsub_taylor_combiner_fabric
INFO: [VRFC 10-307] analyzing entity flt_log_single_one_detect
INFO: [VRFC 10-307] analyzing entity flt_log_inproc
INFO: [VRFC 10-307] analyzing entity flt_log_exp
INFO: [VRFC 10-307] analyzing entity flt_log_L_block_memory
INFO: [VRFC 10-307] analyzing entity flt_pt_log_L_block
INFO: [VRFC 10-307] analyzing entity flt_log_rr_mul_iter
INFO: [VRFC 10-307] analyzing entity flt_log_rr_mul
INFO: [VRFC 10-307] analyzing entity flt_log_rr
INFO: [VRFC 10-307] analyzing entity flt_log_taylor
INFO: [VRFC 10-307] analyzing entity flt_log_shift_msb_first
INFO: [VRFC 10-307] analyzing entity flt_log_lead_zero_encode
INFO: [VRFC 10-307] analyzing entity flt_log_normalize
INFO: [VRFC 10-307] analyzing entity flt_log_norm
INFO: [VRFC 10-307] analyzing entity flt_log_rnd
INFO: [VRFC 10-307] analyzing entity flt_log_specialcase
INFO: [VRFC 10-307] analyzing entity flt_log_recomb
INFO: [VRFC 10-307] analyzing entity flt_log
INFO: [VRFC 10-307] analyzing entity flt_exp_specialcase
INFO: [VRFC 10-307] analyzing entity flt_exp_recomb
INFO: [VRFC 10-307] analyzing entity flt_exp_ccm
INFO: [VRFC 10-307] analyzing entity flt_exp_e2A
INFO: [VRFC 10-307] analyzing entity flt_exp_dp_poly
INFO: [VRFC 10-307] analyzing entity flt_exp_e2zmzm1
INFO: [VRFC 10-307] analyzing entity flt_exp_hp
INFO: [VRFC 10-307] analyzing entity flt_exp
INFO: [VRFC 10-307] analyzing entity flt_fma_specialcase
INFO: [VRFC 10-307] analyzing entity flt_fma_round_bit
INFO: [VRFC 10-307] analyzing entity flt_fma_renorm_and_round_logic
INFO: [VRFC 10-307] analyzing entity flt_fma_special_detect
INFO: [VRFC 10-307] analyzing entity flt_fma_add_exp
INFO: [VRFC 10-307] analyzing entity flt_fma_alignment
INFO: [VRFC 10-307] analyzing entity flt_fma_addsub_dsp1
INFO: [VRFC 10-307] analyzing entity flt_fma_addsub_dsp2
INFO: [VRFC 10-307] analyzing entity flt_fma_addsub
INFO: [VRFC 10-307] analyzing entity flt_fma_align_add
INFO: [VRFC 10-307] analyzing entity flt_fma_norm_logic
INFO: [VRFC 10-307] analyzing entity flt_fma_add_logic
INFO: [VRFC 10-307] analyzing entity flt_fma_add
INFO: [VRFC 10-307] analyzing entity flt_fma_mul
INFO: [VRFC 10-307] analyzing entity flt_fma
INFO: [VRFC 10-307] analyzing entity flt_accum_flt_to_fix
INFO: [VRFC 10-307] analyzing entity flt_accum_bit_encode
INFO: [VRFC 10-307] analyzing entity flt_accum
INFO: [VRFC 10-307] analyzing entity floating_point_v7_1_1_viv
INFO: [VRFC 10-307] analyzing entity floating_point_v7_1_1
INFO: [VRFC 10-163] Analyzing VHDL file "/home/switchlanez/working_dir/hls/atsc_fpll/atsc_fpll/solution1/sim/verilog/ip/xil_defaultlib/atsc_fpll_ap_dcmp_0_no_dsp_64.vhd" into library xil_defaultlib
INFO: [VRFC 10-307] analyzing entity atsc_fpll_ap_dcmp_0_no_dsp_64
INFO: [VRFC 10-163] Analyzing VHDL file "/home/switchlanez/working_dir/hls/atsc_fpll/atsc_fpll/solution1/sim/verilog/ip/xil_defaultlib/atsc_fpll_ap_fmul_2_max_dsp_32.vhd" into library xil_defaultlib
INFO: [VRFC 10-307] analyzing entity atsc_fpll_ap_fmul_2_max_dsp_32
INFO: [VRFC 10-163] Analyzing VHDL file "/home/switchlanez/working_dir/hls/atsc_fpll/atsc_fpll/solution1/sim/verilog/ip/xil_defaultlib/atsc_fpll_ap_fpext_0_no_dsp_32.vhd" into library xil_defaultlib
INFO: [VRFC 10-307] analyzing entity atsc_fpll_ap_fpext_0_no_dsp_32
INFO: [VRFC 10-163] Analyzing VHDL file "/home/switchlanez/working_dir/hls/atsc_fpll/atsc_fpll/solution1/sim/verilog/ip/xil_defaultlib/atsc_fpll_ap_sitofp_4_no_dsp_64.vhd" into library xil_defaultlib
INFO: [VRFC 10-307] analyzing entity atsc_fpll_ap_sitofp_4_no_dsp_64
INFO: [VRFC 10-163] Analyzing VHDL file "/home/switchlanez/working_dir/hls/atsc_fpll/atsc_fpll/solution1/sim/verilog/ip/xil_defaultlib/atsc_fpll_ap_fadd_6_full_dsp_32.vhd" into library xil_defaultlib
INFO: [VRFC 10-307] analyzing entity atsc_fpll_ap_fadd_6_full_dsp_32
INFO: [VRFC 10-163] Analyzing VHDL file "/home/switchlanez/working_dir/hls/atsc_fpll/atsc_fpll/solution1/sim/verilog/ip/xil_defaultlib/atsc_fpll_ap_fcmp_0_no_dsp_32.vhd" into library xil_defaultlib
INFO: [VRFC 10-307] analyzing entity atsc_fpll_ap_fcmp_0_no_dsp_32
INFO: [VRFC 10-163] Analyzing VHDL file "/home/switchlanez/working_dir/hls/atsc_fpll/atsc_fpll/solution1/sim/verilog/ip/xil_defaultlib/atsc_fpll_ap_fptrunc_0_no_dsp_64.vhd" into library xil_defaultlib
INFO: [VRFC 10-307] analyzing entity atsc_fpll_ap_fptrunc_0_no_dsp_64
INFO: [VRFC 10-163] Analyzing VHDL file "/home/switchlanez/working_dir/hls/atsc_fpll/atsc_fpll/solution1/sim/verilog/ip/xil_defaultlib/atsc_fpll_ap_fsub_6_full_dsp_32.vhd" into library xil_defaultlib
INFO: [VRFC 10-307] analyzing entity atsc_fpll_ap_fsub_6_full_dsp_32
INFO: [VRFC 10-163] Analyzing VHDL file "/home/switchlanez/working_dir/hls/atsc_fpll/atsc_fpll/solution1/sim/verilog/ip/xil_defaultlib/atsc_fpll_ap_fdiv_14_no_dsp_32.vhd" into library xil_defaultlib
INFO: [VRFC 10-307] analyzing entity atsc_fpll_ap_fdiv_14_no_dsp_32
INFO: [VRFC 10-163] Analyzing VHDL file "/home/switchlanez/working_dir/hls/atsc_fpll/atsc_fpll/solution1/sim/verilog/ip/xil_defaultlib/atsc_fpll_ap_faddfsub_6_full_dsp_32.vhd" into library xil_defaultlib
INFO: [VRFC 10-307] analyzing entity atsc_fpll_ap_faddfsub_6_full_dsp_32
INFO: [VRFC 10-163] Analyzing VHDL file "/home/switchlanez/working_dir/hls/atsc_fpll/atsc_fpll/solution1/sim/verilog/ip/xil_defaultlib/atsc_fpll_ap_dadd_6_full_dsp_64.vhd" into library xil_defaultlib
INFO: [VRFC 10-307] analyzing entity atsc_fpll_ap_dadd_6_full_dsp_64
Starting static elaboration
WARNING: [VRFC 10-1303] range is empty (null range) [/home/switchlanez/working_dir/hls/atsc_fpll/atsc_fpll/solution1/sim/verilog/ip/mult_gen_v12_0_10/mult_gen_v12_0_vh_rfs.vhd:2317]
WARNING: [VRFC 10-1303] range is empty (null range) [/home/switchlanez/working_dir/hls/atsc_fpll/atsc_fpll/solution1/sim/verilog/ip/mult_gen_v12_0_10/mult_gen_v12_0_vh_rfs.vhd:2302]
WARNING: [VRFC 10-1303] range is empty (null range) [/home/switchlanez/working_dir/hls/atsc_fpll/atsc_fpll/solution1/sim/verilog/ip/floating_point_v7_1_1/floating_point_v7_1_vh_rfs.vhd:90424]
WARNING: [VRFC 10-1303] range is empty (null range) [/home/switchlanez/working_dir/hls/atsc_fpll/atsc_fpll/solution1/sim/verilog/ip/xbip_pipe_v3_0_1/xbip_pipe_v3_0_vh_rfs.vhd:437]
WARNING: [VRFC 10-1303] range is empty (null range) [/home/switchlanez/working_dir/hls/atsc_fpll/atsc_fpll/solution1/sim/verilog/ip/xbip_pipe_v3_0_1/xbip_pipe_v3_0_vh_rfs.vhd:437]
WARNING: [VRFC 10-1303] range is empty (null range) [/home/switchlanez/working_dir/hls/atsc_fpll/atsc_fpll/solution1/sim/verilog/ip/xbip_pipe_v3_0_1/xbip_pipe_v3_0_vh_rfs.vhd:437]
WARNING: [VRFC 10-1303] range is empty (null range) [/home/switchlanez/working_dir/hls/atsc_fpll/atsc_fpll/solution1/sim/verilog/ip/xbip_pipe_v3_0_1/xbip_pipe_v3_0_vh_rfs.vhd:437]
WARNING: [VRFC 10-1303] range is empty (null range) [/home/switchlanez/working_dir/hls/atsc_fpll/atsc_fpll/solution1/sim/verilog/ip/xbip_pipe_v3_0_1/xbip_pipe_v3_0_vh_rfs.vhd:437]
WARNING: [VRFC 10-1303] range is empty (null range) [/home/switchlanez/working_dir/hls/atsc_fpll/atsc_fpll/solution1/sim/verilog/ip/xbip_pipe_v3_0_1/xbip_pipe_v3_0_vh_rfs.vhd:437]
WARNING: [VRFC 10-1303] range is empty (null range) [/home/switchlanez/working_dir/hls/atsc_fpll/atsc_fpll/solution1/sim/verilog/ip/xbip_pipe_v3_0_1/xbip_pipe_v3_0_vh_rfs.vhd:437]
WARNING: [VRFC 10-1303] range is empty (null range) [/home/switchlanez/working_dir/hls/atsc_fpll/atsc_fpll/solution1/sim/verilog/ip/floating_point_v7_1_1/floating_point_v7_1_vh_rfs.vhd:12666]
WARNING: [VRFC 10-1303] range is empty (null range) [/home/switchlanez/working_dir/hls/atsc_fpll/atsc_fpll/solution1/sim/verilog/ip/floating_point_v7_1_1/floating_point_v7_1_vh_rfs.vhd:12666]
WARNING: [VRFC 10-1303] range is empty (null range) [/home/switchlanez/working_dir/hls/atsc_fpll/atsc_fpll/solution1/sim/verilog/ip/floating_point_v7_1_1/floating_point_v7_1_vh_rfs.vhd:13691]
WARNING: [VRFC 10-982] library name floating_point_v7_1_1 of instantiated unit conflicts with visible identifier [/home/switchlanez/working_dir/hls/atsc_fpll/atsc_fpll/solution1/sim/verilog/ip/xil_defaultlib/atsc_fpll_ap_fdiv_14_no_dsp_32.vhd:190]
WARNING: [VRFC 10-1303] range is empty (null range) [/home/switchlanez/working_dir/hls/atsc_fpll/atsc_fpll/solution1/sim/verilog/ip/floating_point_v7_1_1/floating_point_v7_1_vh_rfs.vhd:90424]
WARNING: [VRFC 10-1303] range is empty (null range) [/home/switchlanez/working_dir/hls/atsc_fpll/atsc_fpll/solution1/sim/verilog/ip/xbip_pipe_v3_0_1/xbip_pipe_v3_0_vh_rfs.vhd:437]
WARNING: [VRFC 10-1303] range is empty (null range) [/home/switchlanez/working_dir/hls/atsc_fpll/atsc_fpll/solution1/sim/verilog/ip/xbip_pipe_v3_0_1/xbip_pipe_v3_0_vh_rfs.vhd:437]
WARNING: [VRFC 10-1303] range is empty (null range) [/home/switchlanez/working_dir/hls/atsc_fpll/atsc_fpll/solution1/sim/verilog/ip/xbip_pipe_v3_0_1/xbip_pipe_v3_0_vh_rfs.vhd:437]
WARNING: [VRFC 10-1303] range is empty (null range) [/home/switchlanez/working_dir/hls/atsc_fpll/atsc_fpll/solution1/sim/verilog/ip/floating_point_v7_1_1/floating_point_v7_1_vh_rfs.vhd:30592]
WARNING: [VRFC 10-1303] range is empty (null range) [/home/switchlanez/working_dir/hls/atsc_fpll/atsc_fpll/solution1/sim/verilog/ip/floating_point_v7_1_1/floating_point_v7_1_vh_rfs.vhd:13691]
WARNING: [VRFC 10-982] library name floating_point_v7_1_1 of instantiated unit conflicts with visible identifier [/home/switchlanez/working_dir/hls/atsc_fpll/atsc_fpll/solution1/sim/verilog/ip/xil_defaultlib/atsc_fpll_ap_sitofp_4_no_dsp_64.vhd:186]
WARNING: [VRFC 10-1303] range is empty (null range) [/home/switchlanez/working_dir/hls/atsc_fpll/atsc_fpll/solution1/sim/verilog/ip/floating_point_v7_1_1/floating_point_v7_1_vh_rfs.vhd:90424]
WARNING: [VRFC 10-1303] range is empty (null range) [/home/switchlanez/working_dir/hls/atsc_fpll/atsc_fpll/solution1/sim/verilog/ip/floating_point_v7_1_1/floating_point_v7_1_vh_rfs.vhd:12666]
WARNING: [VRFC 10-1303] range is empty (null range) [/home/switchlanez/working_dir/hls/atsc_fpll/atsc_fpll/solution1/sim/verilog/ip/floating_point_v7_1_1/floating_point_v7_1_vh_rfs.vhd:12666]
WARNING: [VRFC 10-1303] range is empty (null range) [/home/switchlanez/working_dir/hls/atsc_fpll/atsc_fpll/solution1/sim/verilog/ip/xbip_pipe_v3_0_1/xbip_pipe_v3_0_vh_rfs.vhd:437]
WARNING: [VRFC 10-1303] range is empty (null range) [/home/switchlanez/working_dir/hls/atsc_fpll/atsc_fpll/solution1/sim/verilog/ip/xbip_pipe_v3_0_1/xbip_pipe_v3_0_vh_rfs.vhd:437]
WARNING: [VRFC 10-1303] range is empty (null range) [/home/switchlanez/working_dir/hls/atsc_fpll/atsc_fpll/solution1/sim/verilog/ip/xbip_pipe_v3_0_1/xbip_pipe_v3_0_vh_rfs.vhd:437]
WARNING: [VRFC 10-1303] range is empty (null range) [/home/switchlanez/working_dir/hls/atsc_fpll/atsc_fpll/solution1/sim/verilog/ip/xbip_pipe_v3_0_1/xbip_pipe_v3_0_vh_rfs.vhd:437]
WARNING: [VRFC 10-1303] range is empty (null range) [/home/switchlanez/working_dir/hls/atsc_fpll/atsc_fpll/solution1/sim/verilog/ip/xbip_pipe_v3_0_1/xbip_pipe_v3_0_vh_rfs.vhd:437]
WARNING: [VRFC 10-1303] range is empty (null range) [/home/switchlanez/working_dir/hls/atsc_fpll/atsc_fpll/solution1/sim/verilog/ip/xbip_pipe_v3_0_1/xbip_pipe_v3_0_vh_rfs.vhd:437]
WARNING: [VRFC 10-1303] range is empty (null range) [/home/switchlanez/working_dir/hls/atsc_fpll/atsc_fpll/solution1/sim/verilog/ip/floating_point_v7_1_1/floating_point_v7_1_vh_rfs.vhd:12666]
WARNING: [VRFC 10-1303] range is empty (null range) [/home/switchlanez/working_dir/hls/atsc_fpll/atsc_fpll/solution1/sim/verilog/ip/floating_point_v7_1_1/floating_point_v7_1_vh_rfs.vhd:12666]
WARNING: [VRFC 10-1303] range is empty (null range) [/home/switchlanez/working_dir/hls/atsc_fpll/atsc_fpll/solution1/sim/verilog/ip/floating_point_v7_1_1/floating_point_v7_1_vh_rfs.vhd:12666]
WARNING: [VRFC 10-1303] range is empty (null range) [/home/switchlanez/working_dir/hls/atsc_fpll/atsc_fpll/solution1/sim/verilog/ip/floating_point_v7_1_1/floating_point_v7_1_vh_rfs.vhd:12666]
WARNING: [VRFC 10-1303] range is empty (null range) [/home/switchlanez/working_dir/hls/atsc_fpll/atsc_fpll/solution1/sim/verilog/ip/floating_point_v7_1_1/floating_point_v7_1_vh_rfs.vhd:13691]
WARNING: [VRFC 10-982] library name floating_point_v7_1_1 of instantiated unit conflicts with visible identifier [/home/switchlanez/working_dir/hls/atsc_fpll/atsc_fpll/solution1/sim/verilog/ip/xil_defaultlib/atsc_fpll_ap_fsub_6_full_dsp_32.vhd:190]
WARNING: [VRFC 10-1303] range is empty (null range) [/home/switchlanez/working_dir/hls/atsc_fpll/atsc_fpll/solution1/sim/verilog/ip/floating_point_v7_1_1/floating_point_v7_1_vh_rfs.vhd:90424]
WARNING: [VRFC 10-1303] range is empty (null range) [/home/switchlanez/working_dir/hls/atsc_fpll/atsc_fpll/solution1/sim/verilog/ip/floating_point_v7_1_1/floating_point_v7_1_vh_rfs.vhd:13691]
WARNING: [VRFC 10-982] library name floating_point_v7_1_1 of instantiated unit conflicts with visible identifier [/home/switchlanez/working_dir/hls/atsc_fpll/atsc_fpll/solution1/sim/verilog/ip/xil_defaultlib/atsc_fpll_ap_fcmp_0_no_dsp_32.vhd:190]
WARNING: [VRFC 10-1303] range is empty (null range) [/home/switchlanez/working_dir/hls/atsc_fpll/atsc_fpll/solution1/sim/verilog/ip/floating_point_v7_1_1/floating_point_v7_1_vh_rfs.vhd:90424]
WARNING: [VRFC 10-1303] range is empty (null range) [/home/switchlanez/working_dir/hls/atsc_fpll/atsc_fpll/solution1/sim/verilog/ip/floating_point_v7_1_1/floating_point_v7_1_vh_rfs.vhd:13691]
WARNING: [VRFC 10-982] library name floating_point_v7_1_1 of instantiated unit conflicts with visible identifier [/home/switchlanez/working_dir/hls/atsc_fpll/atsc_fpll/solution1/sim/verilog/ip/xil_defaultlib/atsc_fpll_ap_faddfsub_6_full_dsp_32.vhd:194]
WARNING: [VRFC 10-1303] range is empty (null range) [/home/switchlanez/working_dir/hls/atsc_fpll/atsc_fpll/solution1/sim/verilog/ip/floating_point_v7_1_1/floating_point_v7_1_vh_rfs.vhd:90424]
WARNING: [VRFC 10-1303] range is empty (null range) [/home/switchlanez/working_dir/hls/atsc_fpll/atsc_fpll/solution1/sim/verilog/ip/floating_point_v7_1_1/floating_point_v7_1_vh_rfs.vhd:13691]
WARNING: [VRFC 10-982] library name floating_point_v7_1_1 of instantiated unit conflicts with visible identifier [/home/switchlanez/working_dir/hls/atsc_fpll/atsc_fpll/solution1/sim/verilog/ip/xil_defaultlib/atsc_fpll_ap_fadd_6_full_dsp_32.vhd:190]
WARNING: [VRFC 10-1303] range is empty (null range) [/home/switchlanez/working_dir/hls/atsc_fpll/atsc_fpll/solution1/sim/verilog/ip/floating_point_v7_1_1/floating_point_v7_1_vh_rfs.vhd:90424]
WARNING: [VRFC 10-1303] range is empty (null range) [/home/switchlanez/working_dir/hls/atsc_fpll/atsc_fpll/solution1/sim/verilog/ip/floating_point_v7_1_1/floating_point_v7_1_vh_rfs.vhd:12666]
WARNING: [VRFC 10-1303] range is empty (null range) [/home/switchlanez/working_dir/hls/atsc_fpll/atsc_fpll/solution1/sim/verilog/ip/floating_point_v7_1_1/floating_point_v7_1_vh_rfs.vhd:12666]
WARNING: [VRFC 10-1303] range is empty (null range) [/home/switchlanez/working_dir/hls/atsc_fpll/atsc_fpll/solution1/sim/verilog/ip/floating_point_v7_1_1/floating_point_v7_1_vh_rfs.vhd:12666]
WARNING: [VRFC 10-1303] range is empty (null range) [/home/switchlanez/working_dir/hls/atsc_fpll/atsc_fpll/solution1/sim/verilog/ip/floating_point_v7_1_1/floating_point_v7_1_vh_rfs.vhd:12666]
WARNING: [VRFC 10-1303] range is empty (null range) [/home/switchlanez/working_dir/hls/atsc_fpll/atsc_fpll/solution1/sim/verilog/ip/floating_point_v7_1_1/floating_point_v7_1_vh_rfs.vhd:12666]
WARNING: [VRFC 10-1303] range is empty (null range) [/home/switchlanez/working_dir/hls/atsc_fpll/atsc_fpll/solution1/sim/verilog/ip/floating_point_v7_1_1/floating_point_v7_1_vh_rfs.vhd:12666]
WARNING: [VRFC 10-1303] range is empty (null range) [/home/switchlanez/working_dir/hls/atsc_fpll/atsc_fpll/solution1/sim/verilog/ip/floating_point_v7_1_1/floating_point_v7_1_vh_rfs.vhd:12666]
WARNING: [VRFC 10-1303] range is empty (null range) [/home/switchlanez/working_dir/hls/atsc_fpll/atsc_fpll/solution1/sim/verilog/ip/floating_point_v7_1_1/floating_point_v7_1_vh_rfs.vhd:12666]
WARNING: [VRFC 10-1303] range is empty (null range) [/home/switchlanez/working_dir/hls/atsc_fpll/atsc_fpll/solution1/sim/verilog/ip/floating_point_v7_1_1/floating_point_v7_1_vh_rfs.vhd:12666]
WARNING: [VRFC 10-1303] range is empty (null range) [/home/switchlanez/working_dir/hls/atsc_fpll/atsc_fpll/solution1/sim/verilog/ip/floating_point_v7_1_1/floating_point_v7_1_vh_rfs.vhd:13691]
WARNING: [VRFC 10-982] library name floating_point_v7_1_1 of instantiated unit conflicts with visible identifier [/home/switchlanez/working_dir/hls/atsc_fpll/atsc_fpll/solution1/sim/verilog/ip/xil_defaultlib/atsc_fpll_ap_fmul_2_max_dsp_32.vhd:190]
WARNING: [VRFC 10-1303] range is empty (null range) [/home/switchlanez/working_dir/hls/atsc_fpll/atsc_fpll/solution1/sim/verilog/ip/floating_point_v7_1_1/floating_point_v7_1_vh_rfs.vhd:90424]
WARNING: [VRFC 10-1303] range is empty (null range) [/home/switchlanez/working_dir/hls/atsc_fpll/atsc_fpll/solution1/sim/verilog/ip/floating_point_v7_1_1/floating_point_v7_1_vh_rfs.vhd:12666]
WARNING: [VRFC 10-1303] range is empty (null range) [/home/switchlanez/working_dir/hls/atsc_fpll/atsc_fpll/solution1/sim/verilog/ip/floating_point_v7_1_1/floating_point_v7_1_vh_rfs.vhd:12666]
WARNING: [VRFC 10-1303] range is empty (null range) [/home/switchlanez/working_dir/hls/atsc_fpll/atsc_fpll/solution1/sim/verilog/ip/floating_point_v7_1_1/floating_point_v7_1_vh_rfs.vhd:13691]
WARNING: [VRFC 10-982] library name floating_point_v7_1_1 of instantiated unit conflicts with visible identifier [/home/switchlanez/working_dir/hls/atsc_fpll/atsc_fpll/solution1/sim/verilog/ip/xil_defaultlib/atsc_fpll_ap_fptrunc_0_no_dsp_64.vhd:182]
WARNING: [VRFC 10-1303] range is empty (null range) [/home/switchlanez/working_dir/hls/atsc_fpll/atsc_fpll/solution1/sim/verilog/ip/floating_point_v7_1_1/floating_point_v7_1_vh_rfs.vhd:90424]
WARNING: [VRFC 10-1303] range is empty (null range) [/home/switchlanez/working_dir/hls/atsc_fpll/atsc_fpll/solution1/sim/verilog/ip/floating_point_v7_1_1/floating_point_v7_1_vh_rfs.vhd:12666]
WARNING: [VRFC 10-1303] range is empty (null range) [/home/switchlanez/working_dir/hls/atsc_fpll/atsc_fpll/solution1/sim/verilog/ip/floating_point_v7_1_1/floating_point_v7_1_vh_rfs.vhd:12666]
WARNING: [VRFC 10-1303] range is empty (null range) [/home/switchlanez/working_dir/hls/atsc_fpll/atsc_fpll/solution1/sim/verilog/ip/floating_point_v7_1_1/floating_point_v7_1_vh_rfs.vhd:12666]
WARNING: [VRFC 10-1303] range is empty (null range) [/home/switchlanez/working_dir/hls/atsc_fpll/atsc_fpll/solution1/sim/verilog/ip/floating_point_v7_1_1/floating_point_v7_1_vh_rfs.vhd:12666]
WARNING: [VRFC 10-1303] range is empty (null range) [/home/switchlanez/working_dir/hls/atsc_fpll/atsc_fpll/solution1/sim/verilog/ip/floating_point_v7_1_1/floating_point_v7_1_vh_rfs.vhd:12666]
WARNING: [VRFC 10-1303] range is empty (null range) [/home/switchlanez/working_dir/hls/atsc_fpll/atsc_fpll/solution1/sim/verilog/ip/floating_point_v7_1_1/floating_point_v7_1_vh_rfs.vhd:13691]
WARNING: [VRFC 10-982] library name floating_point_v7_1_1 of instantiated unit conflicts with visible identifier [/home/switchlanez/working_dir/hls/atsc_fpll/atsc_fpll/solution1/sim/verilog/ip/xil_defaultlib/atsc_fpll_ap_fpext_0_no_dsp_32.vhd:182]
WARNING: [VRFC 10-1303] range is empty (null range) [/home/switchlanez/working_dir/hls/atsc_fpll/atsc_fpll/solution1/sim/verilog/ip/floating_point_v7_1_1/floating_point_v7_1_vh_rfs.vhd:90424]
WARNING: [VRFC 10-1303] range is empty (null range) [/home/switchlanez/working_dir/hls/atsc_fpll/atsc_fpll/solution1/sim/verilog/ip/xbip_pipe_v3_0_1/xbip_pipe_v3_0_vh_rfs.vhd:437]
WARNING: [VRFC 10-1303] range is empty (null range) [/home/switchlanez/working_dir/hls/atsc_fpll/atsc_fpll/solution1/sim/verilog/ip/floating_point_v7_1_1/floating_point_v7_1_vh_rfs.vhd:12666]
WARNING: [VRFC 10-1303] range is empty (null range) [/home/switchlanez/working_dir/hls/atsc_fpll/atsc_fpll/solution1/sim/verilog/ip/floating_point_v7_1_1/floating_point_v7_1_vh_rfs.vhd:12666]
WARNING: [VRFC 10-1303] range is empty (null range) [ip/floating_point_v7_1_1/floating_point_v7_1_vh_rfs.vhd:30592]
WARNING: [VRFC 10-1303] range is empty (null range) [ip/floating_point_v7_1_1/floating_point_v7_1_vh_rfs.vhd:12666]
WARNING: [VRFC 10-1303] range is empty (null range) [ip/floating_point_v7_1_1/floating_point_v7_1_vh_rfs.vhd:12666]
WARNING: [VRFC 10-1303] range is empty (null range) [ip/xbip_pipe_v3_0_1/xbip_pipe_v3_0_vh_rfs.vhd:437]
WARNING: [VRFC 10-1303] range is empty (null range) [ip/floating_point_v7_1_1/floating_point_v7_1_vh_rfs.vhd:12666]
WARNING: [VRFC 10-1303] range is empty (null range) [ip/floating_point_v7_1_1/floating_point_v7_1_vh_rfs.vhd:12666]
WARNING: [VRFC 10-1303] range is empty (null range) [ip/floating_point_v7_1_1/floating_point_v7_1_vh_rfs.vhd:12666]
WARNING: [VRFC 10-1303] range is empty (null range) [ip/xbip_pipe_v3_0_1/xbip_pipe_v3_0_vh_rfs.vhd:437]
WARNING: [VRFC 10-1303] range is empty (null range) [ip/floating_point_v7_1_1/floating_point_v7_1_vh_rfs.vhd:30592]
WARNING: [VRFC 10-1303] range is empty (null range) [ip/xbip_pipe_v3_0_1/xbip_pipe_v3_0_vh_rfs.vhd:437]
WARNING: [VRFC 10-1303] range is empty (null range) [ip/xbip_pipe_v3_0_1/xbip_pipe_v3_0_vh_rfs.vhd:437]
WARNING: [VRFC 10-1303] range is empty (null range) [ip/xbip_pipe_v3_0_1/xbip_pipe_v3_0_vh_rfs.vhd:437]
WARNING: [VRFC 10-1303] range is empty (null range) [ip/xbip_pipe_v3_0_1/xbip_pipe_v3_0_vh_rfs.vhd:437]
WARNING: [VRFC 10-1303] range is empty (null range) [ip/xbip_pipe_v3_0_1/xbip_pipe_v3_0_vh_rfs.vhd:437]
WARNING: [VRFC 10-1303] range is empty (null range) [ip/xbip_pipe_v3_0_1/xbip_pipe_v3_0_vh_rfs.vhd:437]
WARNING: [VRFC 10-1303] range is empty (null range) [ip/floating_point_v7_1_1/floating_point_v7_1_vh_rfs.vhd:13691]
WARNING: [VRFC 10-982] library name floating_point_v7_1_1 of instantiated unit conflicts with visible identifier [ip/xil_defaultlib/atsc_fpll_ap_dadd_6_full_dsp_64.vhd:190]
WARNING: [VRFC 10-1303] range is empty (null range) [ip/floating_point_v7_1_1/floating_point_v7_1_vh_rfs.vhd:90424]
WARNING: [VRFC 10-1303] range is empty (null range) [ip/floating_point_v7_1_1/floating_point_v7_1_vh_rfs.vhd:13691]
WARNING: [VRFC 10-982] library name floating_point_v7_1_1 of instantiated unit conflicts with visible identifier [ip/xil_defaultlib/atsc_fpll_ap_dcmp_0_no_dsp_64.vhd:190]
Completed static elaboration
Starting simulation data flow analysis
Completed simulation data flow analysis
Time Resolution for simulation is 1ps
Compiling package std.standard
Compiling package ieee.std_logic_1164
Compiling package ieee.numeric_std
Compiling package floating_point_v7_1_1.floating_point_v7_1_1_viv_comp
Compiling package std.textio
Compiling package xbip_utils_v3_0_5.xbip_utils_v3_0_5_pkg
Compiling package axi_utils_v2_0_1.axi_utils_v2_0_1_pkg
Compiling package floating_point_v7_1_1.floating_point_v7_1_1_consts
Compiling package ieee.math_real
Compiling package floating_point_v7_1_1.floating_point_v7_1_1_exp_table_...
Compiling package mult_gen_v12_0_10.mult_gen_v12_0_10_pkg
Compiling package ieee.std_logic_arith
Compiling package ieee.std_logic_signed
Compiling package floating_point_v7_1_1.floating_point_v7_1_1_pkg
Compiling package floating_point_v7_1_1.flt_utils
Compiling package unisim.vcomponents
Compiling package xbip_pipe_v3_0_1.xbip_pipe_v3_0_1_viv_comp
Compiling package floating_point_v7_1_1.vt2mutils
Compiling package floating_point_v7_1_1.vt2mcomps
Compiling package ieee.vital_timing
Compiling package ieee.vital_primitives
Compiling package unisim.vpkg
Compiling module xil_defaultlib.atsc_fpll_atan2_range_redux_cord...
Compiling module xil_defaultlib.atsc_fpll_atan2_range_redux_cord...
Compiling architecture synth of entity xbip_pipe_v3_0_1.xbip_pipe_v3_0_1_viv [\xbip_pipe_v3_0_1_viv(0,1,0,0,0,...]
Compiling architecture rtl of entity floating_point_v7_1_1.delay [\delay(23,0,false,false)\]
Compiling architecture muxcy_v of entity unisim.MUXCY [muxcy_default]
Compiling architecture xorcy_v of entity unisim.XORCY [xorcy_default]
Compiling architecture synth of entity xbip_pipe_v3_0_1.xbip_pipe_v3_0_1_viv [\xbip_pipe_v3_0_1_viv(0,1,0,0,0,...]
Compiling architecture rtl of entity floating_point_v7_1_1.delay [\delay(25,0,false,true)\]
Compiling architecture struct of entity floating_point_v7_1_1.carry_chain [\carry_chain("kintex7",25,0,0,fa...]
Compiling architecture synth of entity floating_point_v7_1_1.flt_div_mant_addsub [\flt_div_mant_addsub("kintex7",2...]
Compiling architecture synth of entity xbip_pipe_v3_0_1.xbip_pipe_v3_0_1_viv [\xbip_pipe_v3_0_1_viv(0,1,0,0,0,...]
Compiling architecture rtl of entity floating_point_v7_1_1.delay [\delay(26,0,false,false)\]
Compiling architecture synth of entity xbip_pipe_v3_0_1.xbip_pipe_v3_0_1_viv [\xbip_pipe_v3_0_1_viv(0,1,0,0,0,...]
Compiling architecture rtl of entity floating_point_v7_1_1.delay [\delay(1,0,false,false)\]
Compiling architecture synth of entity xbip_pipe_v3_0_1.xbip_pipe_v3_0_1_viv [\xbip_pipe_v3_0_1_viv(1,1,0,0,0,...]
Compiling architecture rtl of entity floating_point_v7_1_1.delay [\delay(23,1,false,false)\]
Compiling architecture synth of entity xbip_pipe_v3_0_1.xbip_pipe_v3_0_1_viv [\xbip_pipe_v3_0_1_viv(0,1,0,0,0,...]
Compiling architecture rtl of entity floating_point_v7_1_1.delay [\delay(24,0,false,false)\]
Compiling architecture synth of entity xbip_pipe_v3_0_1.xbip_pipe_v3_0_1_viv [\xbip_pipe_v3_0_1_viv(1,1,0,0,0,...]
Compiling architecture rtl of entity floating_point_v7_1_1.delay [\delay(25,1,false,true)\]
Compiling architecture struct of entity floating_point_v7_1_1.carry_chain [\carry_chain("kintex7",25,1,0,fa...]
Compiling architecture synth of entity floating_point_v7_1_1.flt_div_mant_addsub [\flt_div_mant_addsub("kintex7",2...]
Compiling architecture synth of entity xbip_pipe_v3_0_1.xbip_pipe_v3_0_1_viv [\xbip_pipe_v3_0_1_viv(1,1,0,0,0,...]
Compiling architecture rtl of entity floating_point_v7_1_1.delay [\delay(26,1,false,false)\]
Compiling architecture synth of entity xbip_pipe_v3_0_1.xbip_pipe_v3_0_1_viv [\xbip_pipe_v3_0_1_viv(1,1,0,0,0,...]
Compiling architecture rtl of entity floating_point_v7_1_1.delay [\delay(1,1,false,false)\]
Compiling architecture virtex of entity floating_point_v7_1_1.flt_div_mant [\flt_div_mant("kintex7",24,1,(fa...]
Compiling architecture synth of entity xbip_pipe_v3_0_1.xbip_pipe_v3_0_1_viv [\xbip_pipe_v3_0_1_viv(1,1,0,0,0,...]
Compiling architecture rtl of entity floating_point_v7_1_1.delay [\delay(10,1,false,true)\]
Compiling architecture synth of entity xbip_pipe_v3_0_1.xbip_pipe_v3_0_1_viv [\xbip_pipe_v3_0_1_viv(0,1,0,0,0,...]
Compiling architecture rtl of entity floating_point_v7_1_1.delay [\delay(1,0,false,true)\]
Compiling architecture rtl of entity floating_point_v7_1_1.special_detect [\special_detect("no_family",fals...]
Compiling architecture synth of entity xbip_pipe_v3_0_1.xbip_pipe_v3_0_1_viv [\xbip_pipe_v3_0_1_viv(13,1,0,0,0...]
Compiling architecture rtl of entity floating_point_v7_1_1.delay [\delay(1,13,false,true)\]
Compiling architecture synth of entity xbip_pipe_v3_0_1.xbip_pipe_v3_0_1_viv [\xbip_pipe_v3_0_1_viv(1,1,0,0,0,...]
Compiling architecture rtl of entity floating_point_v7_1_1.delay [\delay(2,1,false,true)\]
Compiling architecture synth of entity xbip_pipe_v3_0_1.xbip_pipe_v3_0_1_viv [\xbip_pipe_v3_0_1_viv(1,1,0,0,0,...]
Compiling architecture rtl of entity floating_point_v7_1_1.delay [\delay(1,1,false,true)\]
Compiling architecture synth of entity xbip_pipe_v3_0_1.xbip_pipe_v3_0_1_viv [\xbip_pipe_v3_0_1_viv(0,1,0,0,0,...]
Compiling architecture rtl of entity floating_point_v7_1_1.delay [\delay(4,0,false,true)\]
Compiling architecture synth of entity xbip_pipe_v3_0_1.xbip_pipe_v3_0_1_viv [\xbip_pipe_v3_0_1_viv(12,1,0,0,0...]
Compiling architecture rtl of entity floating_point_v7_1_1.delay [\delay(8,12,false,false)\]
Compiling architecture synth of entity xbip_pipe_v3_0_1.xbip_pipe_v3_0_1_viv [\xbip_pipe_v3_0_1_viv(12,1,0,0,0...]
Compiling architecture rtl of entity floating_point_v7_1_1.delay [\delay(1,12,false,true)\]
Compiling architecture synth of entity xbip_pipe_v3_0_1.xbip_pipe_v3_0_1_viv [\xbip_pipe_v3_0_1_viv(12,1,0,0,0...]
Compiling architecture rtl of entity floating_point_v7_1_1.delay [\delay(3,12,false,true)\]
Compiling architecture synth of entity xbip_pipe_v3_0_1.xbip_pipe_v3_0_1_viv [\xbip_pipe_v3_0_1_viv(12,1,0,0,0...]
Compiling architecture rtl of entity floating_point_v7_1_1.delay [\delay(4,12,false,true)\]
Compiling architecture synth of entity xbip_pipe_v3_0_1.xbip_pipe_v3_0_1_viv [\xbip_pipe_v3_0_1_viv(0,1,0,0,0,...]
Compiling architecture rtl of entity floating_point_v7_1_1.delay [\delay(14,0,false,false)\]
Compiling architecture rtl of entity floating_point_v7_1_1.flt_div_exp [\flt_div_exp("no_family",false,3...]
Compiling architecture synth of entity xbip_pipe_v3_0_1.xbip_pipe_v3_0_1_viv [\xbip_pipe_v3_0_1_viv(0,1,0,0,0,...]
Compiling architecture rtl of entity floating_point_v7_1_1.delay [\delay(8,0,false,false)\]
Compiling architecture synth of entity xbip_pipe_v3_0_1.xbip_pipe_v3_0_1_viv [\xbip_pipe_v3_0_1_viv(0,1,0,0,0,...]
Compiling architecture rtl of entity floating_point_v7_1_1.delay [\delay(12,0,false,true)\]
Compiling architecture struct of entity floating_point_v7_1_1.carry_chain [\carry_chain("kintex7",12,0,0,fa...]
Compiling architecture struct of entity floating_point_v7_1_1.carry_chain [\carry_chain("kintex7",8,0,0,fal...]
Compiling architecture synth of entity xbip_pipe_v3_0_1.xbip_pipe_v3_0_1_viv [\xbip_pipe_v3_0_1_viv(0,1,0,0,0,...]
Compiling architecture rtl of entity floating_point_v7_1_1.delay [\delay(3,0,false,false)\]
Compiling architecture synth of entity xbip_pipe_v3_0_1.xbip_pipe_v3_0_1_viv [\xbip_pipe_v3_0_1_viv(0,1,0,0,0,...]
Compiling architecture rtl of entity floating_point_v7_1_1.delay [\delay(2,0,false,false)\]
Compiling architecture synth of entity xbip_pipe_v3_0_1.xbip_pipe_v3_0_1_viv [\xbip_pipe_v3_0_1_viv(0,1,0,0,0,...]
Compiling architecture rtl of entity floating_point_v7_1_1.delay [\delay(2,0,false,true)\]
Compiling architecture struct of entity floating_point_v7_1_1.carry_chain [\carry_chain("kintex7",3,0,0,fal...]
Compiling architecture rtl of entity floating_point_v7_1_1.flt_round_bit [\flt_round_bit("kintex7",false,f...]
Compiling architecture rtl of entity floating_point_v7_1_1.renorm_and_round_logic [\renorm_and_round_logic("kintex7...]
Compiling architecture synth of entity floating_point_v7_1_1.flt_dec_op_lat [\flt_dec_op_lat("kintex7",32,24,...]
Compiling architecture virtex of entity floating_point_v7_1_1.flt_div [\flt_div("kintex7",0,32,24,32,24...]
Compiling architecture synth of entity xbip_pipe_v3_0_1.xbip_pipe_v3_0_1_viv [\xbip_pipe_v3_0_1_viv(14,1,0,0,0...]
Compiling architecture synth of entity xbip_pipe_v3_0_1.xbip_pipe_v3_0_1_viv [\xbip_pipe_v3_0_1_viv(0,1,0,0,0,...]
Compiling architecture rtl of entity floating_point_v7_1_1.delay [\delay(32,0,false,false)\]
Compiling architecture xilinx of entity floating_point_v7_1_1.floating_point_v7_1_1_viv [\floating_point_v7_1_1_viv("kint...]
Compiling architecture xilinx of entity floating_point_v7_1_1.floating_point_v7_1_1 [\floating_point_v7_1_1("kintex7"...]
Compiling architecture atsc_fpll_ap_fdiv_14_no_dsp_32_arch of entity xil_defaultlib.atsc_fpll_ap_fdiv_14_no_dsp_32 [atsc_fpll_ap_fdiv_14_no_dsp_32_d...]
Compiling module xil_defaultlib.atsc_fpll_fdiv_32ns_32ns_32_16(I...
Compiling architecture synth of entity xbip_pipe_v3_0_1.xbip_pipe_v3_0_1_viv [\xbip_pipe_v3_0_1_viv(0,1,0,0,0,...]
Compiling architecture rtl of entity floating_point_v7_1_1.delay [\delay(64,0,false,false)\]
Compiling architecture struct of entity floating_point_v7_1_1.carry_chain [\carry_chain("kintex7",64,0,0,fa...]
Compiling architecture synth of entity xbip_pipe_v3_0_1.xbip_pipe_v3_0_1_viv [\xbip_pipe_v3_0_1_viv(0,1,0,0,0,...]
Compiling architecture rtl of entity floating_point_v7_1_1.delay [\delay(16,0,false,true)\]
Compiling architecture synth of entity xbip_pipe_v3_0_1.xbip_pipe_v3_0_1_viv [\xbip_pipe_v3_0_1_viv(1,1,0,0,0,...]
Compiling architecture rtl of entity floating_point_v7_1_1.delay [\delay(4,1,false,true)\]
Compiling architecture rtl of entity floating_point_v7_1_1.norm_zero_det [\norm_zero_det(39,64,8,0,true,(t...]
Compiling architecture synth of entity xbip_pipe_v3_0_1.xbip_pipe_v3_0_1_viv [\xbip_pipe_v3_0_1_viv(1,1,0,0,0,...]
Compiling architecture rtl of entity floating_point_v7_1_1.delay [\delay(64,1,false,false)\]
Compiling architecture rtl of entity floating_point_v7_1_1.mux4 [\mux4("kintex7",8,true,0)(1,7)\]
Compiling architecture rtl of entity floating_point_v7_1_1.mux4 [\mux4("kintex7",4,true,0)(1,7)\]
Compiling architecture synth of entity xbip_pipe_v3_0_1.xbip_pipe_v3_0_1_viv [\xbip_pipe_v3_0_1_viv(2,1,0,0,0,...]
Compiling architecture rtl of entity floating_point_v7_1_1.delay [\delay(2,2,false,false)\]
Compiling architecture rtl of entity floating_point_v7_1_1.mux4 [\mux4("kintex7",2,true,1)(1,7)\]
Compiling architecture rtl of entity floating_point_v7_1_1.mux4 [\mux4("kintex7",1,true,1)(1,7)\]
Compiling architecture synth of entity xbip_pipe_v3_0_1.xbip_pipe_v3_0_1_viv [\xbip_pipe_v3_0_1_viv(1,1,0,0,0,...]
Compiling architecture rtl of entity floating_point_v7_1_1.delay [\delay(2,1,false,false)\]
Compiling architecture fdre_v of entity unisim.FDRE [\FDRE('0','0','0','0')\]
Compiling architecture fde_v of entity unisim.FDE [\FDE('0')\]
Compiling architecture synth of entity xbip_pipe_v3_0_1.xbip_pipe_v3_0_1_viv [\xbip_pipe_v3_0_1_viv(0,1,0,0,0,...]
Compiling architecture rtl of entity floating_point_v7_1_1.delay [\delay(8,0,false,true)\]
Compiling architecture struct of entity floating_point_v7_1_1.carry_chain [\carry_chain("kintex7",8,0,1,tru...]
Compiling architecture rtl of entity floating_point_v7_1_1.lead_zero_encode [\lead_zero_encode("kintex7",fals...]
Compiling architecture rtl of entity floating_point_v7_1_1.shift_msb_first [\shift_msb_first(64,26,8,false,t...]
Compiling architecture synth of entity xbip_pipe_v3_0_1.xbip_pipe_v3_0_1_viv [\xbip_pipe_v3_0_1_viv(0,1,0,0,0,...]
Compiling architecture rtl of entity floating_point_v7_1_1.delay [\delay(12,0,false,false)\]
Compiling architecture struct of entity floating_point_v7_1_1.carry_chain [\carry_chain("kintex7",12,0,0,fa...]
Compiling architecture struct of entity floating_point_v7_1_1.carry_chain [\carry_chain("kintex7",12,0,0,fa...]
Compiling architecture synth of entity xbip_pipe_v3_0_1.xbip_pipe_v3_0_1_viv [\xbip_pipe_v3_0_1_viv(0,1,0,0,0,...]
Compiling architecture rtl of entity floating_point_v7_1_1.delay [\delay(25,0,false,false)\]
Compiling architecture rtl of entity floating_point_v7_1_1.renorm_and_round_logic [\renorm_and_round_logic("kintex7...]
Compiling architecture synth of entity xbip_pipe_v3_0_1.xbip_pipe_v3_0_1_viv [\xbip_pipe_v3_0_1_viv(3,1,0,0,0,...]
Compiling architecture rtl of entity floating_point_v7_1_1.delay [\delay(1,3,false,false)\]
Compiling architecture synth of entity xbip_pipe_v3_0_1.xbip_pipe_v3_0_1_viv [\xbip_pipe_v3_0_1_viv(2,1,0,0,0,...]
Compiling architecture rtl of entity floating_point_v7_1_1.delay [\delay(1,2,false,false)\]
Compiling architecture synth of entity floating_point_v7_1_1.fix_to_flt_conv_exp [\fix_to_flt_conv_exp("kintex7",6...]
Compiling architecture synth of entity floating_point_v7_1_1.flt_dec_op [\flt_dec_op("kintex7",32,24,true...]
Compiling architecture struct of entity floating_point_v7_1_1.fix_to_flt_conv [\fix_to_flt_conv("kintex7",64,0,...]
Compiling architecture synth of entity xbip_pipe_v3_0_1.xbip_pipe_v3_0_1_viv [\xbip_pipe_v3_0_1_viv(4,1,0,0,0,...]
Compiling architecture xilinx of entity floating_point_v7_1_1.floating_point_v7_1_1_viv [\floating_point_v7_1_1_viv("kint...]
Compiling architecture xilinx of entity floating_point_v7_1_1.floating_point_v7_1_1 [\floating_point_v7_1_1("kintex7"...]
Compiling architecture atsc_fpll_ap_sitofp_4_no_dsp_64_arch of entity xil_defaultlib.atsc_fpll_ap_sitofp_4_no_dsp_64 [atsc_fpll_ap_sitofp_4_no_dsp_64_...]
Compiling module xil_defaultlib.atsc_fpll_sitofp_64s_32_6(ID=1)
Compiling module xil_defaultlib.atsc_fpll_atan2_range_redux_cord...
Compiling architecture synth of entity xbip_pipe_v3_0_1.xbip_pipe_v3_0_1_viv [\xbip_pipe_v3_0_1_viv(0,1,0,0,0,...]
Compiling architecture rtl of entity floating_point_v7_1_1.delay [\delay(7,0,false,false)\]
Compiling architecture struct of entity floating_point_v7_1_1.carry_chain [\carry_chain("kintex7",7,0,0,fal...]
Compiling architecture synth of entity floating_point_v7_1_1.compare_eq_im [\compare_eq_im("kintex7",14,(oth...]
Compiling architecture struct of entity floating_point_v7_1_1.carry_chain [\carry_chain("kintex7",1,0,0,fal...]
Compiling architecture synth of entity xbip_pipe_v3_0_1.xbip_pipe_v3_0_1_viv [\xbip_pipe_v3_0_1_viv(0,1,0,0,0,...]
Compiling architecture rtl of entity floating_point_v7_1_1.delay [\delay(24,0,false,true)\]
Compiling architecture synth of entity xbip_pipe_v3_0_1.xbip_pipe_v3_0_1_viv [\xbip_pipe_v3_0_1_viv(0,1,0,0,0,...]
Compiling architecture rtl of entity floating_point_v7_1_1.delay [\delay(16,0,false,false)\]
Compiling architecture synth of entity xbip_pipe_v3_0_1.xbip_pipe_v3_0_1_viv [\xbip_pipe_v3_0_1_viv(0,1,0,0,0,...]
Compiling architecture rtl of entity floating_point_v7_1_1.delay [\delay(4,0,false,false)\]
Compiling architecture synth of entity xbip_pipe_v3_0_1.xbip_pipe_v3_0_1_viv [\xbip_pipe_v3_0_1_viv(0,1,0,0,0,...]
Compiling architecture rtl of entity floating_point_v7_1_1.delay [\delay(48,0,false,false)\]
Compiling architecture dsp48e1_v of entity unisim.DSP48E1 [\DSP48E1(0,0,1,0,"NO_RESET","DIR...]
Compiling architecture rtl of entity floating_point_v7_1_1.dsp48e1_wrapper [\dsp48e1_wrapper(24,16,48,24,40,...]
Compiling architecture synth of entity xbip_pipe_v3_0_1.xbip_pipe_v3_0_1_viv [\xbip_pipe_v3_0_1_viv(1,1,0,0,0,...]
Compiling architecture rtl of entity floating_point_v7_1_1.delay [\delay(13,1,false,false)\]
Compiling architecture synth of entity xbip_pipe_v3_0_1.xbip_pipe_v3_0_1_viv [\xbip_pipe_v3_0_1_viv(1,1,0,0,0,...]
Compiling architecture rtl of entity floating_point_v7_1_1.delay [\delay(27,1,false,false)\]
Compiling architecture synth of entity floating_point_v7_1_1.align_add_dsp48e1_sgl [\align_add_dsp48e1_sgl("kintex7"...]
Compiling architecture lut5_v of entity unisim.LUT5 [\LUT5("0000000000000000111111110...]
Compiling architecture lut5_v of entity unisim.LUT5 [\LUT5("0000000000000000000000001...]
Compiling architecture synth of entity xbip_pipe_v3_0_1.xbip_pipe_v3_0_1_viv [\xbip_pipe_v3_0_1_viv(0,1,0,0,0,...]
Compiling architecture rtl of entity floating_point_v7_1_1.delay [\delay(27,0,false,false)\]
Compiling architecture synth of entity xbip_pipe_v3_0_1.xbip_pipe_v3_0_1_viv [\xbip_pipe_v3_0_1_viv(1,1,0,0,0,...]
Compiling architecture rtl of entity floating_point_v7_1_1.delay [\delay(16,1,false,false)\]
Compiling architecture synth of entity xbip_pipe_v3_0_1.xbip_pipe_v3_0_1_viv [\xbip_pipe_v3_0_1_viv(1,1,0,0,0,...]
Compiling architecture rtl of entity floating_point_v7_1_1.delay [\delay(5,1,false,false)\]
Compiling architecture rtl of entity floating_point_v7_1_1.lead_zero_encode_shift [\lead_zero_encode_shift(24,8,(fa...]
Compiling architecture lut6_v of entity unisim.LUT6 [\LUT6("1111111001010100101110100...]
Compiling architecture lut5_v of entity unisim.LUT5 [\LUT5("0001000101011111000000000...]
Compiling architecture lut5_v of entity unisim.LUT5 [\LUT5("1110111010100000111111111...]
Compiling architecture dsp48e1_v of entity unisim.DSP48E1 [\DSP48E1(1,0,1,1,"NO_RESET","DIR...]
Compiling architecture rtl of entity floating_point_v7_1_1.dsp48e1_wrapper [\dsp48e1_wrapper(24,16,48,25,35,...]
Compiling architecture rtl of entity floating_point_v7_1_1.norm_and_round_dsp48e1_sgl [\norm_and_round_dsp48e1_sgl(24,8...]
Compiling architecture lut5_v of entity unisim.LUT5 [\LUT5("1001100110011001100110011...]
Compiling architecture lut5_v of entity unisim.LUT5 [\LUT5("1111111100000000111100001...]
Compiling architecture synth of entity xbip_pipe_v3_0_1.xbip_pipe_v3_0_1_viv [\xbip_pipe_v3_0_1_viv(0,1,0,0,0,...]
Compiling architecture rtl of entity floating_point_v7_1_1.delay [\delay(9,0,false,false)\]
Compiling architecture struct of entity floating_point_v7_1_1.carry_chain [\carry_chain("kintex7",9,0,0,fal...]
Compiling architecture synth of entity xbip_pipe_v3_0_1.xbip_pipe_v3_0_1_viv [\xbip_pipe_v3_0_1_viv(3,1,0,0,0,...]
Compiling architecture rtl of entity floating_point_v7_1_1.delay [\delay(9,3,false,false)\]
Compiling architecture synth of entity xbip_pipe_v3_0_1.xbip_pipe_v3_0_1_viv [\xbip_pipe_v3_0_1_viv(0,1,0,0,0,...]
Compiling architecture rtl of entity floating_point_v7_1_1.delay [\delay(10,0,false,false)\]
Compiling architecture struct of entity floating_point_v7_1_1.carry_chain [\carry_chain("kintex7",4,0,1,fal...]
Compiling architecture synth of entity floating_point_v7_1_1.compare_eq_im [\compare_eq_im("kintex7",23,(oth...]
Compiling architecture rtl of entity floating_point_v7_1_1.special_detect [\special_detect("kintex7",false,...]
Compiling architecture struct of entity floating_point_v7_1_1.carry_chain [\carry_chain("kintex7",16,0,1,fa...]
Compiling architecture synth of entity floating_point_v7_1_1.compare_gt [\compare_gt("kintex7",32,false,1...]
Compiling architecture synth of entity floating_point_v7_1_1.compare [\compare("kintex7",32,true,1)(1,...]
Compiling architecture synth of entity xbip_pipe_v3_0_1.xbip_pipe_v3_0_1_viv [\xbip_pipe_v3_0_1_viv(1,1,0,0,0,...]
Compiling architecture rtl of entity floating_point_v7_1_1.delay [\delay(8,1,false,false)\]
Compiling architecture synth of entity xbip_pipe_v3_0_1.xbip_pipe_v3_0_1_viv [\xbip_pipe_v3_0_1_viv(1,1,0,0,0,...]
Compiling architecture rtl of entity floating_point_v7_1_1.delay [\delay(9,1,false,false)\]
Compiling architecture synth of entity xbip_pipe_v3_0_1.xbip_pipe_v3_0_1_viv [\xbip_pipe_v3_0_1_viv(4,1,0,0,0,...]
Compiling architecture rtl of entity floating_point_v7_1_1.delay [\delay(2,4,false,true)\]
Compiling architecture rtl of entity floating_point_v7_1_1.delay [\delay(1,4,false,true)\]
Compiling architecture synth of entity xbip_pipe_v3_0_1.xbip_pipe_v3_0_1_viv [\xbip_pipe_v3_0_1_viv(2,1,0,0,0,...]
Compiling architecture rtl of entity floating_point_v7_1_1.delay [\delay(1,2,false,true)\]
Compiling architecture rtl of entity floating_point_v7_1_1.flt_add_exp_sp [\flt_add_exp_sp("kintex7",32,8,2...]
Compiling architecture rtl of entity floating_point_v7_1_1.flt_add_dsp [\flt_add_dsp("kintex7",2,32,24,3...]
Compiling architecture rtl of entity floating_point_v7_1_1.flt_add [\flt_add("kintex7",0,1,0,0,32,24...]
Compiling architecture synth of entity xbip_pipe_v3_0_1.xbip_pipe_v3_0_1_viv [\xbip_pipe_v3_0_1_viv(6,1,0,0,0,...]
Compiling architecture xilinx of entity floating_point_v7_1_1.floating_point_v7_1_1_viv [\floating_point_v7_1_1_viv("kint...]
Compiling architecture xilinx of entity floating_point_v7_1_1.floating_point_v7_1_1 [\floating_point_v7_1_1("kintex7"...]
Compiling architecture atsc_fpll_ap_fsub_6_full_dsp_32_arch of entity xil_defaultlib.atsc_fpll_ap_fsub_6_full_dsp_32 [atsc_fpll_ap_fsub_6_full_dsp_32_...]
Compiling module xil_defaultlib.atsc_fpll_fsub_32ns_32ns_32_8_fu...
Compiling architecture synth of entity floating_point_v7_1_1.compare_eq_im [\compare_eq_im("kintex7",16,(oth...]
Compiling architecture struct of entity floating_point_v7_1_1.carry_chain [\carry_chain("kintex7",4,0,0,fal...]
Compiling architecture synth of entity floating_point_v7_1_1.compare_ne_im [\compare_ne_im("kintex7",23,(oth...]
Compiling architecture struct of entity floating_point_v7_1_1.carry_chain [\carry_chain("kintex7",2,0,0,fal...]
Compiling architecture synth of entity floating_point_v7_1_1.compare_eq_im [\compare_eq_im("kintex7",8,(othe...]
Compiling architecture synth of entity xbip_pipe_v3_0_1.xbip_pipe_v3_0_1_viv [\xbip_pipe_v3_0_1_viv(0,1,0,0,0,...]
Compiling architecture rtl of entity floating_point_v7_1_1.delay [\delay(11,0,false,false)\]
Compiling architecture struct of entity floating_point_v7_1_1.carry_chain [\carry_chain("kintex7",11,0,0,fa...]
Compiling architecture synth of entity floating_point_v7_1_1.compare_eq [\compare_eq("kintex7",32,false,0...]
Compiling architecture struct of entity floating_point_v7_1_1.carry_chain [\carry_chain("kintex7",16,0,0,fa...]
Compiling architecture synth of entity floating_point_v7_1_1.compare_gt [\compare_gt("kintex7",32,false,0...]
Compiling architecture rtl of entity floating_point_v7_1_1.fp_cmp [\fp_cmp("kintex7",2,32,24,32,24,...]
Compiling architecture xilinx of entity floating_point_v7_1_1.floating_point_v7_1_1_viv [\floating_point_v7_1_1_viv("kint...]
Compiling architecture xilinx of entity floating_point_v7_1_1.floating_point_v7_1_1 [\floating_point_v7_1_1("kintex7"...]
Compiling architecture atsc_fpll_ap_fcmp_0_no_dsp_32_arch of entity xil_defaultlib.atsc_fpll_ap_fcmp_0_no_dsp_32 [atsc_fpll_ap_fcmp_0_no_dsp_32_de...]
Compiling module xil_defaultlib.atsc_fpll_fcmp_32ns_32ns_1_1(ID=...
Compiling module xil_defaultlib.atsc_fpll_atan2_cordic_floatdoub...
Compiling architecture rtl of entity floating_point_v7_1_1.flt_add [\flt_add("kintex7",1,1,0,0,32,24...]
Compiling architecture xilinx of entity floating_point_v7_1_1.floating_point_v7_1_1_viv [\floating_point_v7_1_1_viv("kint...]
Compiling architecture xilinx of entity floating_point_v7_1_1.floating_point_v7_1_1 [\floating_point_v7_1_1("kintex7"...]
Compiling architecture atsc_fpll_ap_faddfsub_6_full_dsp_32_arch of entity xil_defaultlib.atsc_fpll_ap_faddfsub_6_full_dsp_32 [atsc_fpll_ap_faddfsub_6_full_dsp...]
Compiling module xil_defaultlib.atsc_fpll_faddfsub_32ns_32ns_32_...
Compiling module xil_defaultlib.atsc_fpll_atan2_cordic_float_s
Compiling module xil_defaultlib.atsc_fpll_sinf_or_cosf_hls_ref_4...
Compiling module xil_defaultlib.atsc_fpll_sinf_or_cosf_hls_ref_4...
Compiling module xil_defaultlib.atsc_fpll_sinf_or_cosf_hls_sin_c...
Compiling module xil_defaultlib.atsc_fpll_sinf_or_cosf_hls_sin_c...
Compiling module xil_defaultlib.atsc_fpll_sinf_or_cosf_hls_sin_c...
Compiling module xil_defaultlib.atsc_fpll_sinf_or_cosf_hls_sin_c...
Compiling module xil_defaultlib.atsc_fpll_sinf_or_cosf_hls_sin_c...
Compiling module xil_defaultlib.atsc_fpll_sinf_or_cosf_hls_sin_c...
Compiling module xil_defaultlib.atsc_fpll_big_mult_v3small_71_24...
Compiling module xil_defaultlib.atsc_fpll_big_mult_v3small_71_24...
Compiling module xil_defaultlib.atsc_fpll_mul_41s_24ns_41_6_Muln...
Compiling module xil_defaultlib.atsc_fpll_mul_41s_24ns_41_6(ID=1...
Compiling module xil_defaultlib.atsc_fpll_big_mult_v3small_71_24...
Compiling module xil_defaultlib.atsc_fpll_my_to_float_31_1_s
Compiling module xil_defaultlib.atsc_fpll_mul_9ns_9ns_18_3_MulnS...
Compiling module xil_defaultlib.atsc_fpll_mul_9ns_9ns_18_3(ID=1,...
Compiling module xil_defaultlib.atsc_fpll_mux_8to1_sel3_1_1(ID=1...
Compiling module xil_defaultlib.atsc_fpll_mux_16to1_sel4_1_1(ID=...
Compiling module xil_defaultlib.atsc_fpll_mul_32s_31ns_62_7_Muln...
Compiling module xil_defaultlib.atsc_fpll_mul_32s_31ns_62_7(ID=1...
Compiling module xil_defaultlib.atsc_fpll_mul_mul_17ns_15s_32_3_...
Compiling module xil_defaultlib.atsc_fpll_mul_mul_17ns_15s_32_3(...
Compiling module xil_defaultlib.atsc_fpll_mul_mul_23s_17ns_40_3_...
Compiling module xil_defaultlib.atsc_fpll_mul_mul_23s_17ns_40_3(...
Compiling module xil_defaultlib.atsc_fpll_sinf_or_cosf
Compiling architecture rtl of entity floating_point_v7_1_1.flt_add [\flt_add("kintex7",1,0,0,0,32,24...]
Compiling architecture xilinx of entity floating_point_v7_1_1.floating_point_v7_1_1_viv [\floating_point_v7_1_1_viv("kint...]
Compiling architecture xilinx of entity floating_point_v7_1_1.floating_point_v7_1_1 [\floating_point_v7_1_1("kintex7"...]
Compiling architecture atsc_fpll_ap_fadd_6_full_dsp_32_arch of entity xil_defaultlib.atsc_fpll_ap_fadd_6_full_dsp_32 [atsc_fpll_ap_fadd_6_full_dsp_32_...]
Compiling module xil_defaultlib.atsc_fpll_fadd_32ns_32ns_32_8_fu...
Compiling architecture synth of entity xbip_pipe_v3_0_1.xbip_pipe_v3_0_1_viv [\xbip_pipe_v3_0_1_viv(0,1,0,0,0,...]
Compiling architecture rtl of entity floating_point_v7_1_1.delay [\delay(17,0,false,false)\]
Compiling architecture dsp48e1_v of entity unisim.DSP48E1 [\DSP48E1(0,0,0,0,"NO_RESET","DIR...]
Compiling architecture rtl of entity floating_point_v7_1_1.dsp48e1_wrapper [\dsp48e1_wrapper(24,17,16,25,41,...]
Compiling architecture dsp48e1_v of entity unisim.DSP48E1 [\DSP48E1(0,0,0,0,"NO_RESET","CAS...]
Compiling architecture rtl of entity floating_point_v7_1_1.dsp48e1_wrapper [\dsp48e1_wrapper(24,7,48,25,31,f...]
Compiling architecture struct of entity floating_point_v7_1_1.fix_mult_dsp48e1_sgl [\fix_mult_dsp48e1_sgl((false,fal...]
Compiling architecture rtl of entity floating_point_v7_1_1.fix_mult [\fix_mult("kintex7",flt_pt_fix_m...]
Compiling architecture struct of entity floating_point_v7_1_1.carry_chain [\carry_chain("kintex7",8,0,0,fal...]
Compiling architecture synth of entity floating_point_v7_1_1.compare_eq_im [\compare_eq_im("kintex7",23,(oth...]
Compiling architecture rtl of entity floating_point_v7_1_1.special_detect [\special_detect("kintex7",false,...]
Compiling architecture synth of entity xbip_pipe_v3_0_1.xbip_pipe_v3_0_1_viv [\xbip_pipe_v3_0_1_viv(0,1,0,0,0,...]
Compiling architecture rtl of entity floating_point_v7_1_1.delay [\delay(3,0,false,true)\]
Compiling architecture rtl of entity floating_point_v7_1_1.flt_mult_exp [\flt_mult_exp("kintex7",false,32...]
Compiling architecture synth of entity xbip_pipe_v3_0_1.xbip_pipe_v3_0_1_viv [\xbip_pipe_v3_0_1_viv(0,1,0,0,0,...]
Compiling architecture rtl of entity floating_point_v7_1_1.delay [\delay(30,0,false,false)\]
Compiling architecture synth of entity xbip_pipe_v3_0_1.xbip_pipe_v3_0_1_viv [\xbip_pipe_v3_0_1_viv(0,1,0,0,0,...]
Compiling architecture rtl of entity floating_point_v7_1_1.delay [\delay(18,0,false,false)\]
Compiling architecture dsp48e1_v of entity unisim.DSP48E1 [\DSP48E1(0,0,0,0,"NO_RESET","DIR...]
Compiling architecture rtl of entity floating_point_v7_1_1.dsp48e1_wrapper [\dsp48e1_wrapper(30,18,48,25,48,...]
Compiling architecture struct of entity floating_point_v7_1_1.flt_round_dsp_opt_full [\flt_round_dsp_opt_full("kintex7...]
Compiling architecture rtl of entity floating_point_v7_1_1.flt_mult_round [\flt_mult_round("kintex7",(flt_p...]
Compiling architecture synth of entity floating_point_v7_1_1.flt_dec_op_lat [\flt_dec_op_lat("kintex7",32,24,...]
Compiling architecture rtl of entity floating_point_v7_1_1.flt_mult [\flt_mult("kintex7",1,3,32,24,32...]
Compiling architecture xilinx of entity floating_point_v7_1_1.floating_point_v7_1_1_viv [\floating_point_v7_1_1_viv("kint...]
Compiling architecture xilinx of entity floating_point_v7_1_1.floating_point_v7_1_1 [\floating_point_v7_1_1("kintex7"...]
Compiling architecture atsc_fpll_ap_fmul_2_max_dsp_32_arch of entity xil_defaultlib.atsc_fpll_ap_fmul_2_max_dsp_32 [atsc_fpll_ap_fmul_2_max_dsp_32_d...]
Compiling module xil_defaultlib.atsc_fpll_fmul_32ns_32ns_32_4_ma...
Compiling architecture synth of entity xbip_pipe_v3_0_1.xbip_pipe_v3_0_1_viv [\xbip_pipe_v3_0_1_viv(0,1,0,0,0,...]
Compiling architecture rtl of entity floating_point_v7_1_1.delay [\delay(5,0,false,false)\]
Compiling architecture struct of entity floating_point_v7_1_1.carry_chain [\carry_chain("kintex7",5,0,0,fal...]
Compiling architecture synth of entity floating_point_v7_1_1.compare_ne_im [\compare_ne_im("kintex7",28,(oth...]
Compiling architecture struct of entity floating_point_v7_1_1.carry_chain [\carry_chain("kintex7",1,0,0,fal...]
Compiling architecture rtl of entity floating_point_v7_1_1.flt_round_bit [\flt_round_bit("kintex7",false,f...]
Compiling architecture rtl of entity floating_point_v7_1_1.renorm_and_round_logic [\renorm_and_round_logic("kintex7...]
Compiling architecture struct of entity floating_point_v7_1_1.carry_chain [\carry_chain("kintex7",9,0,0,fal...]
Compiling architecture synth of entity floating_point_v7_1_1.compare_eq_im [\compare_eq_im("kintex7",52,(oth...]
Compiling architecture rtl of entity floating_point_v7_1_1.special_detect [\special_detect("kintex7",false,...]
Compiling architecture rtl of entity floating_point_v7_1_1.flt_to_flt_conv_exp [\flt_to_flt_conv_exp(64,11,53,32...]
Compiling architecture synth of entity floating_point_v7_1_1.flt_dec_op [\flt_dec_op("kintex7",32,24,fals...]
Compiling architecture rtl of entity floating_point_v7_1_1.flt_to_flt_conv [\flt_to_flt_conv("kintex7",64,53...]
Compiling architecture xilinx of entity floating_point_v7_1_1.floating_point_v7_1_1_viv [\floating_point_v7_1_1_viv("kint...]
Compiling architecture xilinx of entity floating_point_v7_1_1.floating_point_v7_1_1 [\floating_point_v7_1_1("kintex7"...]
Compiling architecture atsc_fpll_ap_fptrunc_0_no_dsp_64_arch of entity xil_defaultlib.atsc_fpll_ap_fptrunc_0_no_dsp_64 [atsc_fpll_ap_fptrunc_0_no_dsp_64...]
Compiling module xil_defaultlib.atsc_fpll_fptrunc_64ns_32_1(ID=1...
Compiling architecture rtl of entity floating_point_v7_1_1.flt_to_flt_conv_exp [\flt_to_flt_conv_exp(32,8,24,64,...]
Compiling architecture synth of entity floating_point_v7_1_1.flt_dec_op [\flt_dec_op("kintex7",64,53,fals...]
Compiling architecture rtl of entity floating_point_v7_1_1.flt_to_flt_conv [\flt_to_flt_conv("kintex7",32,24...]
Compiling architecture xilinx of entity floating_point_v7_1_1.floating_point_v7_1_1_viv [\floating_point_v7_1_1_viv("kint...]
Compiling architecture xilinx of entity floating_point_v7_1_1.floating_point_v7_1_1 [\floating_point_v7_1_1("kintex7"...]
Compiling architecture atsc_fpll_ap_fpext_0_no_dsp_32_arch of entity xil_defaultlib.atsc_fpll_ap_fpext_0_no_dsp_32 [atsc_fpll_ap_fpext_0_no_dsp_32_d...]
Compiling module xil_defaultlib.atsc_fpll_fpext_32ns_64_1(ID=1)
Compiling architecture synth of entity xbip_pipe_v3_0_1.xbip_pipe_v3_0_1_viv [\xbip_pipe_v3_0_1_viv(1,1,0,0,0,...]
Compiling architecture rtl of entity floating_point_v7_1_1.delay [\delay(52,1,false,false)\]
Compiling architecture synth of entity xbip_pipe_v3_0_1.xbip_pipe_v3_0_1_viv [\xbip_pipe_v3_0_1_viv(0,1,0,0,0,...]
Compiling architecture rtl of entity floating_point_v7_1_1.delay [\delay(54,0,false,false)\]
Compiling architecture synth of entity xbip_pipe_v3_0_1.xbip_pipe_v3_0_1_viv [\xbip_pipe_v3_0_1_viv(0,1,0,0,0,...]
Compiling architecture rtl of entity floating_point_v7_1_1.delay [\delay(11,0,false,true)\]
Compiling architecture muxf7_v of entity unisim.MUXF7 [muxf7_default]
Compiling architecture muxf8_v of entity unisim.MUXF8 [muxf8_default]
Compiling architecture struct of entity floating_point_v7_1_1.carry_chain [\carry_chain("kintex7",14,0,1,tr...]
Compiling architecture synth of entity floating_point_v7_1_1.compare_eq_im [\compare_eq_im("kintex7",56,(oth...]
Compiling architecture rtl of entity floating_point_v7_1_1.zero_det_sel [\zero_det_sel("kintex7",false,55...]
Compiling architecture synth of entity xbip_pipe_v3_0_1.xbip_pipe_v3_0_1_viv [\xbip_pipe_v3_0_1_viv(1,1,0,0,0,...]
Compiling architecture rtl of entity floating_point_v7_1_1.delay [\delay(55,1,false,false)\]
Compiling architecture synth of entity xbip_pipe_v3_0_1.xbip_pipe_v3_0_1_viv [\xbip_pipe_v3_0_1_viv(0,1,0,0,0,...]
Compiling architecture rtl of entity floating_point_v7_1_1.delay [\delay(55,0,false,false)\]
Compiling architecture rtl of entity floating_point_v7_1_1.shift_msb_first [\shift_msb_first(54,55,6,false,f...]
Compiling architecture rtl of entity floating_point_v7_1_1.alignment [\alignment("kintex7",53,54,55,11...]
Compiling architecture synth of entity xbip_pipe_v3_0_1.xbip_pipe_v3_0_1_viv [\xbip_pipe_v3_0_1_viv(0,1,0,0,0,...]
Compiling architecture rtl of entity floating_point_v7_1_1.delay [\delay(47,0,false,false)\]
Compiling architecture dsp48e1_v of entity unisim.DSP48E1 [\DSP48E1(1,0,0,1,"NO_RESET","DIR...]
Compiling architecture rtl of entity floating_point_v7_1_1.dsp48e1_wrapper [\dsp48e1_wrapper(30,18,16,25,16,...]
Compiling architecture dsp48e1_v of entity unisim.DSP48E1 [\DSP48E1(0,0,0,0,"NO_RESET","DIR...]
Compiling architecture rtl of entity floating_point_v7_1_1.dsp48e1_wrapper [\dsp48e1_wrapper(30,18,48,25,48,...]
Compiling architecture struct of entity floating_point_v7_1_1.carry_chain [\carry_chain("kintex7",9,1,0,fal...]
Compiling architecture synth of entity xbip_pipe_v3_0_1.xbip_pipe_v3_0_1_viv [\xbip_pipe_v3_0_1_viv(0,1,0,0,0,...]
Compiling architecture rtl of entity floating_point_v7_1_1.delay [\delay(56,0,false,false)\]
Compiling architecture synth of entity floating_point_v7_1_1.addsub_dsp [\addsub_dsp("kintex7",2,(false,t...]
Compiling architecture rtl of entity floating_point_v7_1_1.addsub [\addsub("kintex7",2,(false,true,...]
Compiling architecture rtl of entity floating_point_v7_1_1.align_add [\align_add("kintex7",2,53,12,14,...]
Compiling architecture synth of entity xbip_pipe_v3_0_1.xbip_pipe_v3_0_1_viv [\xbip_pipe_v3_0_1_viv(0,1,0,0,0,...]
Compiling architecture rtl of entity floating_point_v7_1_1.delay [\delay(6,0,false,true)\]
Compiling architecture struct of entity floating_point_v7_1_1.carry_chain [\carry_chain("kintex7",6,0,0,tru...]
Compiling architecture synth of entity xbip_pipe_v3_0_1.xbip_pipe_v3_0_1_viv [\xbip_pipe_v3_0_1_viv(1,1,0,0,0,...]
Compiling architecture rtl of entity floating_point_v7_1_1.delay [\delay(8,1,false,true)\]
Compiling architecture rtl of entity floating_point_v7_1_1.mux4 [\mux4("kintex7",8,true,1)(1,7)\]
Compiling architecture rtl of entity floating_point_v7_1_1.mux4 [\mux4("kintex7",4,true,1)(1,7)\]
Compiling architecture rtl of entity floating_point_v7_1_1.mux4 [\mux4("kintex7",2,true,0)(1,7)\]
Compiling architecture rtl of entity floating_point_v7_1_1.mux4 [\mux4("kintex7",1,true,0)(1,7)\]
Compiling architecture struct of entity floating_point_v7_1_1.carry_chain [\carry_chain("kintex7",8,0,0,tru...]
Compiling architecture rtl of entity floating_point_v7_1_1.lead_zero_encode [\lead_zero_encode("kintex7",fals...]
Compiling architecture synth of entity xbip_pipe_v3_0_1.xbip_pipe_v3_0_1_viv [\xbip_pipe_v3_0_1_viv(1,1,0,0,0,...]
Compiling architecture rtl of entity floating_point_v7_1_1.delay [\delay(56,1,false,false)\]
Compiling architecture rtl of entity floating_point_v7_1_1.shift_msb_first [\shift_msb_first(56,58,11,false,...]
Compiling architecture rtl of entity floating_point_v7_1_1.dsp48e1_wrapper [\dsp48e1_wrapper(2,18,48,25,48,f...]
Compiling architecture synth of entity xbip_pipe_v3_0_1.xbip_pipe_v3_0_1_viv [\xbip_pipe_v3_0_1_viv(0,1,0,0,0,...]
Compiling architecture rtl of entity floating_point_v7_1_1.delay [\delay(19,0,false,false)\]
Compiling architecture struct of entity floating_point_v7_1_1.carry_chain [\carry_chain("kintex7",19,0,0,fa...]
Compiling architecture synth of entity xbip_pipe_v3_0_1.xbip_pipe_v3_0_1_viv [\xbip_pipe_v3_0_1_viv(1,1,0,0,0,...]
Compiling architecture rtl of entity floating_point_v7_1_1.delay [\delay(28,1,false,false)\]
Compiling architecture synth of entity xbip_pipe_v3_0_1.xbip_pipe_v3_0_1_viv [\xbip_pipe_v3_0_1_viv(1,1,0,0,0,...]
Compiling architecture rtl of entity floating_point_v7_1_1.delay [\delay(29,1,false,false)\]
Compiling architecture synth of entity xbip_pipe_v3_0_1.xbip_pipe_v3_0_1_viv [\xbip_pipe_v3_0_1_viv(1,1,0,0,0,...]
Compiling architecture rtl of entity floating_point_v7_1_1.delay [\delay(54,1,false,false)\]
Compiling architecture rtl of entity floating_point_v7_1_1.flt_round_bit [\flt_round_bit("kintex7",false,f...]
Compiling architecture rtl of entity floating_point_v7_1_1.renorm_and_round_logic [\renorm_and_round_logic("kintex7...]
Compiling architecture rtl of entity floating_point_v7_1_1.norm_and_round_logic [\norm_and_round_logic("kintex7",...]
Compiling architecture synth of entity xbip_pipe_v3_0_1.xbip_pipe_v3_0_1_viv [\xbip_pipe_v3_0_1_viv(3,1,0,0,0,...]
Compiling architecture rtl of entity floating_point_v7_1_1.delay [\delay(12,3,false,false)\]
Compiling architecture struct of entity floating_point_v7_1_1.carry_chain [\carry_chain("kintex7",9,0,1,fal...]
Compiling architecture synth of entity floating_point_v7_1_1.compare_eq_im [\compare_eq_im("kintex7",52,(oth...]
Compiling architecture rtl of entity floating_point_v7_1_1.special_detect [\special_detect("kintex7",false,...]
Compiling architecture struct of entity floating_point_v7_1_1.carry_chain [\carry_chain("kintex7",11,0,1,fa...]
Compiling architecture synth of entity floating_point_v7_1_1.compare_eq [\compare_eq("kintex7",32,false,1...]
Compiling architecture synth of entity floating_point_v7_1_1.compare [\compare("kintex7",64,true,1)(1,...]
Compiling architecture synth of entity xbip_pipe_v3_0_1.xbip_pipe_v3_0_1_viv [\xbip_pipe_v3_0_1_viv(1,1,0,0,0,...]
Compiling architecture rtl of entity floating_point_v7_1_1.delay [\delay(11,1,false,false)\]
Compiling architecture synth of entity xbip_pipe_v3_0_1.xbip_pipe_v3_0_1_viv [\xbip_pipe_v3_0_1_viv(1,1,0,0,0,...]
Compiling architecture rtl of entity floating_point_v7_1_1.delay [\delay(12,1,false,false)\]
Compiling architecture rtl of entity floating_point_v7_1_1.flt_add_exp [\flt_add_exp("kintex7",64,11,53,...]
Compiling architecture synth of entity floating_point_v7_1_1.flt_dec_op [\flt_dec_op("kintex7",64,53,true...]
Compiling architecture rtl of entity floating_point_v7_1_1.flt_add_logic [\flt_add_logic("kintex7",2,64,53...]
Compiling architecture rtl of entity floating_point_v7_1_1.flt_add [\flt_add("kintex7",1,0,0,0,64,53...]
Compiling architecture xilinx of entity floating_point_v7_1_1.floating_point_v7_1_1_viv [\floating_point_v7_1_1_viv("kint...]
Compiling architecture xilinx of entity floating_point_v7_1_1.floating_point_v7_1_1 [\floating_point_v7_1_1("kintex7"...]
Compiling architecture atsc_fpll_ap_dadd_6_full_dsp_64_arch of entity xil_defaultlib.atsc_fpll_ap_dadd_6_full_dsp_64 [atsc_fpll_ap_dadd_6_full_dsp_64_...]
Compiling module xil_defaultlib.atsc_fpll_dadd_64ns_64ns_64_8_fu...
Compiling architecture synth of entity floating_point_v7_1_1.compare_eq_im [\compare_eq_im("kintex7",22,(oth...]
Compiling architecture synth of entity floating_point_v7_1_1.compare_ne_im [\compare_ne_im("kintex7",52,(oth...]
Compiling architecture synth of entity floating_point_v7_1_1.compare_eq_im [\compare_eq_im("kintex7",11,(oth...]
Compiling architecture synth of entity xbip_pipe_v3_0_1.xbip_pipe_v3_0_1_viv [\xbip_pipe_v3_0_1_viv(0,1,0,0,0,...]
Compiling architecture rtl of entity floating_point_v7_1_1.delay [\delay(22,0,false,false)\]
Compiling architecture struct of entity floating_point_v7_1_1.carry_chain [\carry_chain("kintex7",22,0,0,fa...]
Compiling architecture synth of entity floating_point_v7_1_1.compare_eq [\compare_eq("kintex7",64,false,0...]
Compiling architecture struct of entity floating_point_v7_1_1.carry_chain [\carry_chain("kintex7",32,0,0,fa...]
Compiling architecture synth of entity floating_point_v7_1_1.compare_gt [\compare_gt("kintex7",64,false,0...]
Compiling architecture rtl of entity floating_point_v7_1_1.fp_cmp [\fp_cmp("kintex7",2,64,53,64,53,...]
Compiling architecture xilinx of entity floating_point_v7_1_1.floating_point_v7_1_1_viv [\floating_point_v7_1_1_viv("kint...]
Compiling architecture xilinx of entity floating_point_v7_1_1.floating_point_v7_1_1 [\floating_point_v7_1_1("kintex7"...]
Compiling architecture atsc_fpll_ap_dcmp_0_no_dsp_64_arch of entity xil_defaultlib.atsc_fpll_ap_dcmp_0_no_dsp_64 [atsc_fpll_ap_dcmp_0_no_dsp_64_de...]
Compiling module xil_defaultlib.atsc_fpll_dcmp_64ns_64ns_1_1(ID=...
Compiling module xil_defaultlib.atsc_fpll_work
Compiling module xil_defaultlib.atsc_fpll
Compiling module xil_defaultlib.fifo(DEPTH=2,WIDTH=32)
Compiling module xil_defaultlib.fifo(DEPTH=2,WIDTH=1)
Compiling module xil_defaultlib.AESL_axi_s_in
Compiling module xil_defaultlib.fifo(DEPTH=1,WIDTH=32)
Compiling module xil_defaultlib.fifo(DEPTH=1,WIDTH=1)
Compiling module xil_defaultlib.AESL_axi_s_out
Compiling module xil_defaultlib.apatb_atsc_fpll_top
Built simulation snapshot atsc_fpll

****** xsim v2015.4 (64-bit)
  **** SW Build 1412921 on Wed Nov 18 09:44:32 MST 2015
  **** IP Build 1412160 on Tue Nov 17 13:47:24 MST 2015
    ** Copyright 1986-2015 Xilinx, Inc. All Rights Reserved.

source xsim.dir/atsc_fpll/xsim_script.tcl
# xsim {atsc_fpll} -maxdeltaid 10000 -autoloadwcfg -tclbatch {atsc_fpll.tcl}
Vivado Simulator 2015.4
Time resolution is 1 ps
source atsc_fpll.tcl
## run all
Note: 
******************************************************
  renorm_and_round_logic.vhd :
    FULL_MANT_RND1_DEL is using fast_input
    which will be faster, but create more FFs.
******************************************************
Time: 0 ps  Iteration: 0
Note: 
******************************************************
  renorm_and_round_logic.vhd :
    FULL_MANT_RND1_DEL is using fast_input
    which will be faster, but create more FFs.
******************************************************
Time: 0 ps  Iteration: 0
Note: 
******************************************************
  renorm_and_round_logic.vhd :
    FULL_MANT_RND1_DEL is using fast_input
    which will be faster, but create more FFs.
******************************************************
Time: 0 ps  Iteration: 0
$finish called at time : 206910990 ps : File "/home/switchlanez/working_dir/hls/atsc_fpll/atsc_fpll/solution1/sim/verilog/atsc_fpll.autotb.v" Line 243
run: Time (s): cpu = 00:00:00.01 ; elapsed = 00:00:25 . Memory (MB): peak = 252.492 ; gain = 0.000 ; free physical = 643 ; free virtual = 12085
## quit
INFO: [Common 17-206] Exiting xsim at Mon Jul  3 03:12:40 2017...
@I [SIM-316] Starting C post checking ...

AVG DELTA: 0.00000106316542769491
ACCURACY: 99.99999237060546875000%

@I [SIM-1000] *** C/RTL co-simulation finished: PASS ***
